<?xml version="1.0" encoding="UTF-8"?>
<!-- Generated by org.testng.reporters.JUnitXMLReporter -->
<testsuite ignored="0" hostname="Sivaramakrishnans-Laptop.local" failures="0" tests="7" name="Surefire test" time="494.16" errors="0" timestamp="2023-02-08T18:33:16 MST">
  <testcase classname="APIAutoMation.FailingTests" name="getalldata" time="1.249"/>
  <testcase classname="APIAutoMation.FailingTests" name="getconditionaldata" time="0.77"/>
  <testcase classname="APIAutoMation.GetAllDataTest" name="getalldata" time="0.491"/>
  <testcase classname="APIAutoMation.GetAllDataTest" name="headerstest" time="0.504"/>
  <testcase classname="APIAutoMation.GetConditionaldataTest" name="getconditionaldata" time="0.466"/>
  <testcase classname="APIAutoMation.RecordCountTest" name="totalrecords" time="0.612"/>
  <testcase classname="APIAutoMation.DatadrivenTest" name="DatadrivenExcelTest" time="489.997"/>
</testsuite> <!-- Surefire test -->
