<?xml version="1.0" encoding="UTF-8"?>
<!-- Generated by org.testng.reporters.JUnitXMLReporter -->
<testsuite ignored="0" hostname="Sivaramakrishnans-Laptop.local" failures="0" tests="7" name="Test" time="463.21" errors="0" timestamp="2023-02-08T21:53:00 MST">
  <testcase classname="APIAutoMation.FailingTests" name="getalldata" time="1.465"/>
  <testcase classname="APIAutoMation.FailingTests" name="getconditionaldata" time="0.841"/>
  <testcase classname="APIAutoMation.DatadrivenTest" name="DatadrivenExcelTest" time="458.709"/>
  <testcase classname="APIAutoMation.RecordCountTest" name="totalrecords" time="0.774"/>
  <testcase classname="APIAutoMation.GetAllDataTest" name="getalldata" time="0.409"/>
  <testcase classname="APIAutoMation.GetAllDataTest" name="headerstest" time="0.449"/>
  <testcase classname="APIAutoMation.GetConditionaldataTest" name="getconditionaldata" time="0.483"/>
</testsuite> <!-- Test -->
