<?xml version="1.0" encoding="UTF-8"?>
<!-- Generated by org.testng.reporters.JUnitXMLReporter -->
<testsuite ignored="0" hostname="Sivaramakrishnans-Laptop.local" failures="0" tests="3" name="Command line test" time="2.805" errors="0" timestamp="2023-02-06T14:09:26 MST">
  <testcase classname="APIAutoMation.GetAllDataTest" name="getalldata" time="1.232"/>
  <testcase classname="APIAutoMation.GetConditionaldataTest" name="getconditionaldata" time="0.854"/>
  <testcase classname="APIAutoMation.RecordCountTest" name="totalrecords" time="0.664"/>
</testsuite> <!-- Command line test -->
