<?xml version="1.0" encoding="UTF-8"?>
<!-- Generated by org.testng.reporters.JUnitXMLReporter -->
<testsuite ignored="0" hostname="Sivaramakrishnans-Laptop.local" failures="0" tests="3" name="Command line test" time="3.012" errors="0" timestamp="2023-02-04T20:52:37 MST">
  <testcase classname="APIAutoMation.GetAllDataTest" name="getalldata" time="1.429"/>
  <testcase classname="APIAutoMation.GetConditionaldataTest" name="getconditionaldata" time="0.905"/>
  <testcase classname="APIAutoMation.RecordCountTest" name="totalrecords" time="0.602"/>
</testsuite> <!-- Command line test -->
