<?xml version="1.0" encoding="UTF-8"?>
<testsuite xmlns:xsi="http://www.w3.org/2001/XMLSchema-instance" xsi:noNamespaceSchemaLocation="https://maven.apache.org/surefire/maven-surefire-plugin/xsd/surefire-test-report-3.0.xsd" version="3.0" name="TestSuite" time="494.732" tests="7" errors="0" skipped="0" failures="0">
  <properties>
[...]
</properties>
  <testcase name="getalldata" classname="APIAutoMation.FailingTests" time="1.285">
    <system-err><![CDATA[SLF4J: Failed to load class "org.slf4j.impl.StaticLoggerBinder".
SLF4J: Defaulting to no-operation (NOP) logger implementation
SLF4J: See http://www.slf4j.org/codes.html#StaticLoggerBinder for further details.
]]></system-err>
  </testcase>
  <testcase name="getconditionaldata" classname="APIAutoMation.FailingTests" time="0.77">
    <system-out><![CDATA[Request method:	GET
Request URI:	https://data.calgary.ca/resource/crbp-innf.json?site_id=0020007253236&total_consumption=0
Proxy:			<none>
Request params:	<none>
Query params:	<none>
Form params:	<none>
Path params:	<none>
Headers:		Accept=*/*
				Content-Type=application/json
Cookies:		<none>
Multiparts:		<none>
Body:			<none>
[
    {
        "business_unit_desc": "Calgary Housing",
        "facilityname": "#100 6704 6 ST SW",
        "site_id": "0020007253236",
        "facilityaddress": "#100 6704 6 ST SW",
        "energy_description": "Electricity",
        "year": "2016",
        "month": "Mar",
        "total_consumption": "0",
        "unit": "kWh"
    }
]
]]></system-out>
  </testcase>
  <testcase name="getalldata" classname="APIAutoMation.GetAllDataTest" time="0.493"/>
  <testcase name="headerstest" classname="APIAutoMation.GetAllDataTest" time="0.507">
    <system-out><![CDATA[Response time 488
Header Name Server  nginx
Header Name Date  Thu, 09 Feb 2023 01:25:05 GMT
Header Name Content-Type  application/json;charset=utf-8
Header Name Transfer-Encoding  chunked
Header Name Connection  keep-alive
Header Name Access-Control-Allow-Origin  *
Header Name ETag  "YnJhdm8uMjI4NzUxXzRfMTQ1Q0xjbDdzQXpEU1dlOVVMSVU2YjBJdGNaWFpR---gziphHr-j_m8X8hcsGD3nLmqNF1RlVI--gzip--gzip"
Header Name X-SODA2-Fields  ["business_unit_desc","facilityname","site_id","facilityaddress","energy_description","year","month","total_consumption","unit"]
Header Name X-SODA2-Types  ["text","text","text","text","text","text","text","number","text"]
Header Name X-SODA2-Data-Out-Of-Date  false
Header Name X-SODA2-Truth-Last-Modified  Wed, 01 Feb 2023 12:32:35 GMT
Header Name X-SODA2-Secondary-Last-Modified  Wed, 01 Feb 2023 12:32:35 GMT
Header Name Last-Modified  Wed, 01 Feb 2023 12:32:35 GMT
Header Name Vary  Accept-Encoding
Header Name Content-Encoding  gzip
Header Name Age  0
Header Name X-Socrata-Region  aws-us-east-1-fedramp-prod
Header Name Strict-Transport-Security  max-age=31536000; includeSubDomains
Header Name X-Socrata-RequestId  4b9bf8b56bcab911dfaeba73dd1bd2fe
]]></system-out>
  </testcase>
  <testcase name="getconditionaldata" classname="APIAutoMation.GetConditionaldataTest" time="0.466">
    <system-out><![CDATA[Request method:	GET
Request URI:	https://data.calgary.ca/resource/crbp-innf.json?site_id=0020007253236&total_consumption=0
Proxy:			<none>
Request params:	<none>
Query params:	<none>
Form params:	<none>
Path params:	<none>
Headers:		Accept=*/*
				Content-Type=application/json
Cookies:		<none>
Multiparts:		<none>
Body:			<none>
[
    {
        "business_unit_desc": "Calgary Housing",
        "facilityname": "#100 6704 6 ST SW",
        "site_id": "0020007253236",
        "facilityaddress": "#100 6704 6 ST SW",
        "energy_description": "Electricity",
        "year": "2016",
        "month": "Mar",
        "total_consumption": "0",
        "unit": "kWh"
    }
]
]]></system-out>
  </testcase>
  <testcase name="totalrecords" classname="APIAutoMation.RecordCountTest" time="0.614">
    <system-out><![CDATA[Total Number of Records : 1000
]]></system-out>
  </testcase>
  <testcase name="DatadrivenExcelTest" classname="APIAutoMation.DatadrivenTest" time="490.003">
    <system-out><![CDATA[String Value of 1 ROW Calgary Fire Department
Request method:	GET
Request URI:	https://data.calgary.ca/resource/crbp-innf.json?site_id=0020003498361&month=Jan&year=2014&total_consumption=1883
Proxy:			<none>
Request params:	<none>
Query params:	<none>
Form params:	<none>
Path params:	<none>
Headers:		Accept=*/*
				Content-Type=application/json
Cookies:		<none>
Multiparts:		<none>
Body:			<none>
[
    {
        "business_unit_desc": "Calgary Fire Department",
        "facilityname": "ATCO VILLAGE (HOUSE)",
        "site_id": "0020003498361",
        "facilityaddress": "6015 23 AV SE",
        "energy_description": "Electricity",
        "year": "2014",
        "month": "Jan",
        "total_consumption": "1883",
        "unit": "kWh"
    }
]
Request method:	GET
Request URI:	https://data.calgary.ca/resource/crbp-innf.json?site_id=0020003498361&month=Feb&year=2014&total_consumption=2320
Proxy:			<none>
Request params:	<none>
Query params:	<none>
Form params:	<none>
Path params:	<none>
Headers:		Accept=*/*
				Content-Type=application/json
Cookies:		<none>
Multiparts:		<none>
Body:			<none>
[
    {
        "business_unit_desc": "Calgary Fire Department",
        "facilityname": "ATCO VILLAGE (HOUSE)",
        "site_id": "0020003498361",
        "facilityaddress": "6015 23 AV SE",
        "energy_description": "Electricity",
        "year": "2014",
        "month": "Feb",
        "total_consumption": "2320",
        "unit": "kWh"
    }
]
Request method:	GET
Request URI:	https://data.calgary.ca/resource/crbp-innf.json?site_id=0020003498361&month=Mar&year=2014&total_consumption=1657
Proxy:			<none>
Request params:	<none>
Query params:	<none>
Form params:	<none>
Path params:	<none>
Headers:		Accept=*/*
				Content-Type=application/json
Cookies:		<none>
Multiparts:		<none>
Body:			<none>
[
    {
        "business_unit_desc": "Calgary Fire Department",
        "facilityname": "ATCO VILLAGE (HOUSE)",
        "site_id": "0020003498361",
        "facilityaddress": "6015 23 AV SE",
        "energy_description": "Electricity",
        "year": "2014",
        "month": "Mar",
        "total_consumption": "1657",
        "unit": "kWh"
    }
]
Request method:	GET
Request URI:	https://data.calgary.ca/resource/crbp-innf.json?site_id=0020003498361&month=Apr&year=2014&total_consumption=1107
Proxy:			<none>
Request params:	<none>
Query params:	<none>
Form params:	<none>
Path params:	<none>
Headers:		Accept=*/*
				Content-Type=application/json
Cookies:		<none>
Multiparts:		<none>
Body:			<none>
[
    {
        "business_unit_desc": "Calgary Fire Department",
        "facilityname": "ATCO VILLAGE (HOUSE)",
        "site_id": "0020003498361",
        "facilityaddress": "6015 23 AV SE",
        "energy_description": "Electricity",
        "year": "2014",
        "month": "Apr",
        "total_consumption": "1107",
        "unit": "kWh"
    }
]
Request method:	GET
Request URI:	https://data.calgary.ca/resource/crbp-innf.json?site_id=0020003498361&month=May&year=2014&total_consumption=972
Proxy:			<none>
Request params:	<none>
Query params:	<none>
Form params:	<none>
Path params:	<none>
Headers:		Accept=*/*
				Content-Type=application/json
Cookies:		<none>
Multiparts:		<none>
Body:			<none>
[
    {
        "business_unit_desc": "Calgary Fire Department",
        "facilityname": "ATCO VILLAGE (HOUSE)",
        "site_id": "0020003498361",
        "facilityaddress": "6015 23 AV SE",
        "energy_description": "Electricity",
        "year": "2014",
        "month": "May",
        "total_consumption": "972",
        "unit": "kWh"
    }
]
Request method:	GET
Request URI:	https://data.calgary.ca/resource/crbp-innf.json?site_id=0020003498361&month=Jun&year=2014&total_consumption=782
Proxy:			<none>
Request params:	<none>
Query params:	<none>
Form params:	<none>
Path params:	<none>
Headers:		Accept=*/*
				Content-Type=application/json
Cookies:		<none>
Multiparts:		<none>
Body:			<none>
[
    {
        "business_unit_desc": "Calgary Fire Department",
        "facilityname": "ATCO VILLAGE (HOUSE)",
        "site_id": "0020003498361",
        "facilityaddress": "6015 23 AV SE",
        "energy_description": "Electricity",
        "year": "2014",
        "month": "Jun",
        "total_consumption": "782",
        "unit": "kWh"
    }
]
Request method:	GET
Request URI:	https://data.calgary.ca/resource/crbp-innf.json?site_id=0020003498361&month=Jul&year=2014&total_consumption=909
Proxy:			<none>
Request params:	<none>
Query params:	<none>
Form params:	<none>
Path params:	<none>
Headers:		Accept=*/*
				Content-Type=application/json
Cookies:		<none>
Multiparts:		<none>
Body:			<none>
[
    {
        "business_unit_desc": "Calgary Fire Department",
        "facilityname": "ATCO VILLAGE (HOUSE)",
        "site_id": "0020003498361",
        "facilityaddress": "6015 23 AV SE",
        "energy_description": "Electricity",
        "year": "2014",
        "month": "Jul",
        "total_consumption": "909",
        "unit": "kWh"
    }
]
Request method:	GET
Request URI:	https://data.calgary.ca/resource/crbp-innf.json?site_id=0020003498361&month=Aug&year=2014&total_consumption=1130
Proxy:			<none>
Request params:	<none>
Query params:	<none>
Form params:	<none>
Path params:	<none>
Headers:		Accept=*/*
				Content-Type=application/json
Cookies:		<none>
Multiparts:		<none>
Body:			<none>
[
    {
        "business_unit_desc": "Calgary Fire Department",
        "facilityname": "ATCO VILLAGE (HOUSE)",
        "site_id": "0020003498361",
        "facilityaddress": "6015 23 AV SE",
        "energy_description": "Electricity",
        "year": "2014",
        "month": "Aug",
        "total_consumption": "1130",
        "unit": "kWh"
    }
]
Request method:	GET
Request URI:	https://data.calgary.ca/resource/crbp-innf.json?site_id=0020003498361&month=Sep&year=2014&total_consumption=1170
Proxy:			<none>
Request params:	<none>
Query params:	<none>
Form params:	<none>
Path params:	<none>
Headers:		Accept=*/*
				Content-Type=application/json
Cookies:		<none>
Multiparts:		<none>
Body:			<none>
[
    {
        "business_unit_desc": "Calgary Fire Department",
        "facilityname": "ATCO VILLAGE (HOUSE)",
        "site_id": "0020003498361",
        "facilityaddress": "6015 23 AV SE",
        "energy_description": "Electricity",
        "year": "2014",
        "month": "Sep",
        "total_consumption": "1170",
        "unit": "kWh"
    }
]
Request method:	GET
Request URI:	https://data.calgary.ca/resource/crbp-innf.json?site_id=0020003498361&month=Oct&year=2014&total_consumption=1419
Proxy:			<none>
Request params:	<none>
Query params:	<none>
Form params:	<none>
Path params:	<none>
Headers:		Accept=*/*
				Content-Type=application/json
Cookies:		<none>
Multiparts:		<none>
Body:			<none>
[
    {
        "business_unit_desc": "Calgary Fire Department",
        "facilityname": "ATCO VILLAGE (HOUSE)",
        "site_id": "0020003498361",
        "facilityaddress": "6015 23 AV SE",
        "energy_description": "Electricity",
        "year": "2014",
        "month": "Oct",
        "total_consumption": "1419",
        "unit": "kWh"
    }
]
Request method:	GET
Request URI:	https://data.calgary.ca/resource/crbp-innf.json?site_id=0020003498361&month=Nov&year=2014&total_consumption=1616
Proxy:			<none>
Request params:	<none>
Query params:	<none>
Form params:	<none>
Path params:	<none>
Headers:		Accept=*/*
				Content-Type=application/json
Cookies:		<none>
Multiparts:		<none>
Body:			<none>
[
    {
        "business_unit_desc": "Calgary Fire Department",
        "facilityname": "ATCO VILLAGE (HOUSE)",
        "site_id": "0020003498361",
        "facilityaddress": "6015 23 AV SE",
        "energy_description": "Electricity",
        "year": "2014",
        "month": "Nov",
        "total_consumption": "1616",
        "unit": "kWh"
    }
]
Request method:	GET
Request URI:	https://data.calgary.ca/resource/crbp-innf.json?site_id=0020003498361&month=Dec&year=2014&total_consumption=1775
Proxy:			<none>
Request params:	<none>
Query params:	<none>
Form params:	<none>
Path params:	<none>
Headers:		Accept=*/*
				Content-Type=application/json
Cookies:		<none>
Multiparts:		<none>
Body:			<none>
[
    {
        "business_unit_desc": "Calgary Fire Department",
        "facilityname": "ATCO VILLAGE (HOUSE)",
        "site_id": "0020003498361",
        "facilityaddress": "6015 23 AV SE",
        "energy_description": "Electricity",
        "year": "2014",
        "month": "Dec",
        "total_consumption": "1775",
        "unit": "kWh"
    }
]
Request method:	GET
Request URI:	https://data.calgary.ca/resource/crbp-innf.json?site_id=0020003498361&month=Jan&year=2015&total_consumption=1749
Proxy:			<none>
Request params:	<none>
Query params:	<none>
Form params:	<none>
Path params:	<none>
Headers:		Accept=*/*
				Content-Type=application/json
Cookies:		<none>
Multiparts:		<none>
Body:			<none>
[
    {
        "business_unit_desc": "Calgary Fire Department",
        "facilityname": "ATCO VILLAGE (HOUSE)",
        "site_id": "0020003498361",
        "facilityaddress": "6015 23 AV SE",
        "energy_description": "Electricity",
        "year": "2015",
        "month": "Jan",
        "total_consumption": "1749",
        "unit": "kWh"
    }
]
Request method:	GET
Request URI:	https://data.calgary.ca/resource/crbp-innf.json?site_id=0020003498361&month=Feb&year=2015&total_consumption=1663
Proxy:			<none>
Request params:	<none>
Query params:	<none>
Form params:	<none>
Path params:	<none>
Headers:		Accept=*/*
				Content-Type=application/json
Cookies:		<none>
Multiparts:		<none>
Body:			<none>
[
    {
        "business_unit_desc": "Calgary Fire Department",
        "facilityname": "ATCO VILLAGE (HOUSE)",
        "site_id": "0020003498361",
        "facilityaddress": "6015 23 AV SE",
        "energy_description": "Electricity",
        "year": "2015",
        "month": "Feb",
        "total_consumption": "1663",
        "unit": "kWh"
    }
]
Request method:	GET
Request URI:	https://data.calgary.ca/resource/crbp-innf.json?site_id=0020003498361&month=Mar&year=2015&total_consumption=1867
Proxy:			<none>
Request params:	<none>
Query params:	<none>
Form params:	<none>
Path params:	<none>
Headers:		Accept=*/*
				Content-Type=application/json
Cookies:		<none>
Multiparts:		<none>
Body:			<none>
[
    {
        "business_unit_desc": "Calgary Fire Department",
        "facilityname": "ATCO VILLAGE (HOUSE)",
        "site_id": "0020003498361",
        "facilityaddress": "6015 23 AV SE",
        "energy_description": "Electricity",
        "year": "2015",
        "month": "Mar",
        "total_consumption": "1867",
        "unit": "kWh"
    }
]
Request method:	GET
Request URI:	https://data.calgary.ca/resource/crbp-innf.json?site_id=0020003498361&month=Apr&year=2015&total_consumption=1121
Proxy:			<none>
Request params:	<none>
Query params:	<none>
Form params:	<none>
Path params:	<none>
Headers:		Accept=*/*
				Content-Type=application/json
Cookies:		<none>
Multiparts:		<none>
Body:			<none>
[
    {
        "business_unit_desc": "Calgary Fire Department",
        "facilityname": "ATCO VILLAGE (HOUSE)",
        "site_id": "0020003498361",
        "facilityaddress": "6015 23 AV SE",
        "energy_description": "Electricity",
        "year": "2015",
        "month": "Apr",
        "total_consumption": "1121",
        "unit": "kWh"
    }
]
Request method:	GET
Request URI:	https://data.calgary.ca/resource/crbp-innf.json?site_id=0020003498361&month=May&year=2015&total_consumption=878
Proxy:			<none>
Request params:	<none>
Query params:	<none>
Form params:	<none>
Path params:	<none>
Headers:		Accept=*/*
				Content-Type=application/json
Cookies:		<none>
Multiparts:		<none>
Body:			<none>
[
    {
        "business_unit_desc": "Calgary Fire Department",
        "facilityname": "ATCO VILLAGE (HOUSE)",
        "site_id": "0020003498361",
        "facilityaddress": "6015 23 AV SE",
        "energy_description": "Electricity",
        "year": "2015",
        "month": "May",
        "total_consumption": "878",
        "unit": "kWh"
    }
]
Request method:	GET
Request URI:	https://data.calgary.ca/resource/crbp-innf.json?site_id=0020003498361&month=Jun&year=2015&total_consumption=689
Proxy:			<none>
Request params:	<none>
Query params:	<none>
Form params:	<none>
Path params:	<none>
Headers:		Accept=*/*
				Content-Type=application/json
Cookies:		<none>
Multiparts:		<none>
Body:			<none>
[
    {
        "business_unit_desc": "Calgary Fire Department",
        "facilityname": "ATCO VILLAGE (HOUSE)",
        "site_id": "0020003498361",
        "facilityaddress": "6015 23 AV SE",
        "energy_description": "Electricity",
        "year": "2015",
        "month": "Jun",
        "total_consumption": "689",
        "unit": "kWh"
    }
]
Request method:	GET
Request URI:	https://data.calgary.ca/resource/crbp-innf.json?site_id=0020003498361&month=Jul&year=2015&total_consumption=881
Proxy:			<none>
Request params:	<none>
Query params:	<none>
Form params:	<none>
Path params:	<none>
Headers:		Accept=*/*
				Content-Type=application/json
Cookies:		<none>
Multiparts:		<none>
Body:			<none>
[
    {
        "business_unit_desc": "Calgary Fire Department",
        "facilityname": "ATCO VILLAGE (HOUSE)",
        "site_id": "0020003498361",
        "facilityaddress": "6015 23 AV SE",
        "energy_description": "Electricity",
        "year": "2015",
        "month": "Jul",
        "total_consumption": "881",
        "unit": "kWh"
    }
]
Request method:	GET
Request URI:	https://data.calgary.ca/resource/crbp-innf.json?site_id=0020003498361&month=Aug&year=2015&total_consumption=1000
Proxy:			<none>
Request params:	<none>
Query params:	<none>
Form params:	<none>
Path params:	<none>
Headers:		Accept=*/*
				Content-Type=application/json
Cookies:		<none>
Multiparts:		<none>
Body:			<none>
[
    {
        "business_unit_desc": "Calgary Fire Department",
        "facilityname": "ATCO VILLAGE (HOUSE)",
        "site_id": "0020003498361",
        "facilityaddress": "6015 23 AV SE",
        "energy_description": "Electricity",
        "year": "2015",
        "month": "Aug",
        "total_consumption": "1000",
        "unit": "kWh"
    }
]
Request method:	GET
Request URI:	https://data.calgary.ca/resource/crbp-innf.json?site_id=0020003498361&month=Sep&year=2015&total_consumption=1097
Proxy:			<none>
Request params:	<none>
Query params:	<none>
Form params:	<none>
Path params:	<none>
Headers:		Accept=*/*
				Content-Type=application/json
Cookies:		<none>
Multiparts:		<none>
Body:			<none>
[
    {
        "business_unit_desc": "Calgary Fire Department",
        "facilityname": "ATCO VILLAGE (HOUSE)",
        "site_id": "0020003498361",
        "facilityaddress": "6015 23 AV SE",
        "energy_description": "Electricity",
        "year": "2015",
        "month": "Sep",
        "total_consumption": "1097",
        "unit": "kWh"
    }
]
Request method:	GET
Request URI:	https://data.calgary.ca/resource/crbp-innf.json?site_id=0020003498361&month=Oct&year=2015&total_consumption=1315
Proxy:			<none>
Request params:	<none>
Query params:	<none>
Form params:	<none>
Path params:	<none>
Headers:		Accept=*/*
				Content-Type=application/json
Cookies:		<none>
Multiparts:		<none>
Body:			<none>
[
    {
        "business_unit_desc": "Calgary Fire Department",
        "facilityname": "ATCO VILLAGE (HOUSE)",
        "site_id": "0020003498361",
        "facilityaddress": "6015 23 AV SE",
        "energy_description": "Electricity",
        "year": "2015",
        "month": "Oct",
        "total_consumption": "1315",
        "unit": "kWh"
    }
]
Request method:	GET
Request URI:	https://data.calgary.ca/resource/crbp-innf.json?site_id=0020003498361&month=Nov&year=2015&total_consumption=1557
Proxy:			<none>
Request params:	<none>
Query params:	<none>
Form params:	<none>
Path params:	<none>
Headers:		Accept=*/*
				Content-Type=application/json
Cookies:		<none>
Multiparts:		<none>
Body:			<none>
[
    {
        "business_unit_desc": "Calgary Fire Department",
        "facilityname": "ATCO VILLAGE (HOUSE)",
        "site_id": "0020003498361",
        "facilityaddress": "6015 23 AV SE",
        "energy_description": "Electricity",
        "year": "2015",
        "month": "Nov",
        "total_consumption": "1557",
        "unit": "kWh"
    }
]
Request method:	GET
Request URI:	https://data.calgary.ca/resource/crbp-innf.json?site_id=0020003498361&month=Dec&year=2015&total_consumption=1699
Proxy:			<none>
Request params:	<none>
Query params:	<none>
Form params:	<none>
Path params:	<none>
Headers:		Accept=*/*
				Content-Type=application/json
Cookies:		<none>
Multiparts:		<none>
Body:			<none>
[
    {
        "business_unit_desc": "Calgary Fire Department",
        "facilityname": "ATCO VILLAGE (HOUSE)",
        "site_id": "0020003498361",
        "facilityaddress": "6015 23 AV SE",
        "energy_description": "Electricity",
        "year": "2015",
        "month": "Dec",
        "total_consumption": "1699",
        "unit": "kWh"
    }
]
Request method:	GET
Request URI:	https://data.calgary.ca/resource/crbp-innf.json?site_id=0020003498361&month=Jan&year=2016&total_consumption=1679
Proxy:			<none>
Request params:	<none>
Query params:	<none>
Form params:	<none>
Path params:	<none>
Headers:		Accept=*/*
				Content-Type=application/json
Cookies:		<none>
Multiparts:		<none>
Body:			<none>
[
    {
        "business_unit_desc": "Calgary Fire Department",
        "facilityname": "ATCO VILLAGE (HOUSE)",
        "site_id": "0020003498361",
        "facilityaddress": "6015 23 AV SE",
        "energy_description": "Electricity",
        "year": "2016",
        "month": "Jan",
        "total_consumption": "1679",
        "unit": "kWh"
    }
]
Request method:	GET
Request URI:	https://data.calgary.ca/resource/crbp-innf.json?site_id=0020003498361&month=Feb&year=2016&total_consumption=1302
Proxy:			<none>
Request params:	<none>
Query params:	<none>
Form params:	<none>
Path params:	<none>
Headers:		Accept=*/*
				Content-Type=application/json
Cookies:		<none>
Multiparts:		<none>
Body:			<none>
[
    {
        "business_unit_desc": "Calgary Fire Department",
        "facilityname": "ATCO VILLAGE (HOUSE)",
        "site_id": "0020003498361",
        "facilityaddress": "6015 23 AV SE",
        "energy_description": "Electricity",
        "year": "2016",
        "month": "Feb",
        "total_consumption": "1302",
        "unit": "kWh"
    }
]
Request method:	GET
Request URI:	https://data.calgary.ca/resource/crbp-innf.json?site_id=0020003498361&month=Mar&year=2016&total_consumption=1180
Proxy:			<none>
Request params:	<none>
Query params:	<none>
Form params:	<none>
Path params:	<none>
Headers:		Accept=*/*
				Content-Type=application/json
Cookies:		<none>
Multiparts:		<none>
Body:			<none>
[
    {
        "business_unit_desc": "Calgary Fire Department",
        "facilityname": "ATCO VILLAGE (HOUSE)",
        "site_id": "0020003498361",
        "facilityaddress": "6015 23 AV SE",
        "energy_description": "Electricity",
        "year": "2016",
        "month": "Mar",
        "total_consumption": "1180",
        "unit": "kWh"
    }
]
Request method:	GET
Request URI:	https://data.calgary.ca/resource/crbp-innf.json?site_id=0020003498361&month=Apr&year=2016&total_consumption=944
Proxy:			<none>
Request params:	<none>
Query params:	<none>
Form params:	<none>
Path params:	<none>
Headers:		Accept=*/*
				Content-Type=application/json
Cookies:		<none>
Multiparts:		<none>
Body:			<none>
[
    {
        "business_unit_desc": "Calgary Fire Department",
        "facilityname": "ATCO VILLAGE (HOUSE)",
        "site_id": "0020003498361",
        "facilityaddress": "6015 23 AV SE",
        "energy_description": "Electricity",
        "year": "2016",
        "month": "Apr",
        "total_consumption": "944",
        "unit": "kWh"
    }
]
Request method:	GET
Request URI:	https://data.calgary.ca/resource/crbp-innf.json?site_id=0020003498361&month=May&year=2016&total_consumption=861
Proxy:			<none>
Request params:	<none>
Query params:	<none>
Form params:	<none>
Path params:	<none>
Headers:		Accept=*/*
				Content-Type=application/json
Cookies:		<none>
Multiparts:		<none>
Body:			<none>
[
    {
        "business_unit_desc": "Calgary Fire Department",
        "facilityname": "ATCO VILLAGE (HOUSE)",
        "site_id": "0020003498361",
        "facilityaddress": "6015 23 AV SE",
        "energy_description": "Electricity",
        "year": "2016",
        "month": "May",
        "total_consumption": "861",
        "unit": "kWh"
    }
]
Request method:	GET
Request URI:	https://data.calgary.ca/resource/crbp-innf.json?site_id=0020003498361&month=Jun&year=2016&total_consumption=755
Proxy:			<none>
Request params:	<none>
Query params:	<none>
Form params:	<none>
Path params:	<none>
Headers:		Accept=*/*
				Content-Type=application/json
Cookies:		<none>
Multiparts:		<none>
Body:			<none>
[
    {
        "business_unit_desc": "Calgary Fire Department",
        "facilityname": "ATCO VILLAGE (HOUSE)",
        "site_id": "0020003498361",
        "facilityaddress": "6015 23 AV SE",
        "energy_description": "Electricity",
        "year": "2016",
        "month": "Jun",
        "total_consumption": "755",
        "unit": "kWh"
    }
]
Request method:	GET
Request URI:	https://data.calgary.ca/resource/crbp-innf.json?site_id=0020003498361&month=Jul&year=2016&total_consumption=882
Proxy:			<none>
Request params:	<none>
Query params:	<none>
Form params:	<none>
Path params:	<none>
Headers:		Accept=*/*
				Content-Type=application/json
Cookies:		<none>
Multiparts:		<none>
Body:			<none>
[
    {
        "business_unit_desc": "Calgary Fire Department",
        "facilityname": "ATCO VILLAGE (HOUSE)",
        "site_id": "0020003498361",
        "facilityaddress": "6015 23 AV SE",
        "energy_description": "Electricity",
        "year": "2016",
        "month": "Jul",
        "total_consumption": "882",
        "unit": "kWh"
    }
]
Request method:	GET
Request URI:	https://data.calgary.ca/resource/crbp-innf.json?site_id=0020003498361&month=Aug&year=2016&total_consumption=865
Proxy:			<none>
Request params:	<none>
Query params:	<none>
Form params:	<none>
Path params:	<none>
Headers:		Accept=*/*
				Content-Type=application/json
Cookies:		<none>
Multiparts:		<none>
Body:			<none>
[
    {
        "business_unit_desc": "Calgary Fire Department",
        "facilityname": "ATCO VILLAGE (HOUSE)",
        "site_id": "0020003498361",
        "facilityaddress": "6015 23 AV SE",
        "energy_description": "Electricity",
        "year": "2016",
        "month": "Aug",
        "total_consumption": "865",
        "unit": "kWh"
    }
]
Request method:	GET
Request URI:	https://data.calgary.ca/resource/crbp-innf.json?site_id=0020003498361&month=Sep&year=2016&total_consumption=1053
Proxy:			<none>
Request params:	<none>
Query params:	<none>
Form params:	<none>
Path params:	<none>
Headers:		Accept=*/*
				Content-Type=application/json
Cookies:		<none>
Multiparts:		<none>
Body:			<none>
[
    {
        "business_unit_desc": "Calgary Fire Department",
        "facilityname": "ATCO VILLAGE (HOUSE)",
        "site_id": "0020003498361",
        "facilityaddress": "6015 23 AV SE",
        "energy_description": "Electricity",
        "year": "2016",
        "month": "Sep",
        "total_consumption": "1053",
        "unit": "kWh"
    }
]
Request method:	GET
Request URI:	https://data.calgary.ca/resource/crbp-innf.json?site_id=0020003498361&month=Oct&year=2016&total_consumption=1310
Proxy:			<none>
Request params:	<none>
Query params:	<none>
Form params:	<none>
Path params:	<none>
Headers:		Accept=*/*
				Content-Type=application/json
Cookies:		<none>
Multiparts:		<none>
Body:			<none>
[
    {
        "business_unit_desc": "Calgary Fire Department",
        "facilityname": "ATCO VILLAGE (HOUSE)",
        "site_id": "0020003498361",
        "facilityaddress": "6015 23 AV SE",
        "energy_description": "Electricity",
        "year": "2016",
        "month": "Oct",
        "total_consumption": "1310",
        "unit": "kWh"
    }
]
Request method:	GET
Request URI:	https://data.calgary.ca/resource/crbp-innf.json?site_id=0020003498361&month=Nov&year=2016&total_consumption=1420
Proxy:			<none>
Request params:	<none>
Query params:	<none>
Form params:	<none>
Path params:	<none>
Headers:		Accept=*/*
				Content-Type=application/json
Cookies:		<none>
Multiparts:		<none>
Body:			<none>
[
    {
        "business_unit_desc": "Calgary Fire Department",
        "facilityname": "ATCO VILLAGE (HOUSE)",
        "site_id": "0020003498361",
        "facilityaddress": "6015 23 AV SE",
        "energy_description": "Electricity",
        "year": "2016",
        "month": "Nov",
        "total_consumption": "1420",
        "unit": "kWh"
    }
]
Request method:	GET
Request URI:	https://data.calgary.ca/resource/crbp-innf.json?site_id=0020003498361&month=Dec&year=2016&total_consumption=1561
Proxy:			<none>
Request params:	<none>
Query params:	<none>
Form params:	<none>
Path params:	<none>
Headers:		Accept=*/*
				Content-Type=application/json
Cookies:		<none>
Multiparts:		<none>
Body:			<none>
[
    {
        "business_unit_desc": "Calgary Fire Department",
        "facilityname": "ATCO VILLAGE (HOUSE)",
        "site_id": "0020003498361",
        "facilityaddress": "6015 23 AV SE",
        "energy_description": "Electricity",
        "year": "2016",
        "month": "Dec",
        "total_consumption": "1561",
        "unit": "kWh"
    }
]
Request method:	GET
Request URI:	https://data.calgary.ca/resource/crbp-innf.json?site_id=0020003498361&month=Jan&year=2017&total_consumption=1554
Proxy:			<none>
Request params:	<none>
Query params:	<none>
Form params:	<none>
Path params:	<none>
Headers:		Accept=*/*
				Content-Type=application/json
Cookies:		<none>
Multiparts:		<none>
Body:			<none>
[
    {
        "business_unit_desc": "Calgary Fire Department",
        "facilityname": "ATCO VILLAGE (HOUSE)",
        "site_id": "0020003498361",
        "facilityaddress": "6015 23 AV SE",
        "energy_description": "Electricity",
        "year": "2017",
        "month": "Jan",
        "total_consumption": "1554",
        "unit": "kWh"
    }
]
Request method:	GET
Request URI:	https://data.calgary.ca/resource/crbp-innf.json?site_id=0020003498361&month=Feb&year=2017&total_consumption=1223
Proxy:			<none>
Request params:	<none>
Query params:	<none>
Form params:	<none>
Path params:	<none>
Headers:		Accept=*/*
				Content-Type=application/json
Cookies:		<none>
Multiparts:		<none>
Body:			<none>
[
    {
        "business_unit_desc": "Calgary Fire Department",
        "facilityname": "ATCO VILLAGE (HOUSE)",
        "site_id": "0020003498361",
        "facilityaddress": "6015 23 AV SE",
        "energy_description": "Electricity",
        "year": "2017",
        "month": "Feb",
        "total_consumption": "1223",
        "unit": "kWh"
    }
]
Request method:	GET
Request URI:	https://data.calgary.ca/resource/crbp-innf.json?site_id=0020003498361&month=Mar&year=2017&total_consumption=1104
Proxy:			<none>
Request params:	<none>
Query params:	<none>
Form params:	<none>
Path params:	<none>
Headers:		Accept=*/*
				Content-Type=application/json
Cookies:		<none>
Multiparts:		<none>
Body:			<none>
[
    {
        "business_unit_desc": "Calgary Fire Department",
        "facilityname": "ATCO VILLAGE (HOUSE)",
        "site_id": "0020003498361",
        "facilityaddress": "6015 23 AV SE",
        "energy_description": "Electricity",
        "year": "2017",
        "month": "Mar",
        "total_consumption": "1104",
        "unit": "kWh"
    }
]
Request method:	GET
Request URI:	https://data.calgary.ca/resource/crbp-innf.json?site_id=0020003498361&month=Apr&year=2017&total_consumption=1013
Proxy:			<none>
Request params:	<none>
Query params:	<none>
Form params:	<none>
Path params:	<none>
Headers:		Accept=*/*
				Content-Type=application/json
Cookies:		<none>
Multiparts:		<none>
Body:			<none>
[
    {
        "business_unit_desc": "Calgary Fire Department",
        "facilityname": "ATCO VILLAGE (HOUSE)",
        "site_id": "0020003498361",
        "facilityaddress": "6015 23 AV SE",
        "energy_description": "Electricity",
        "year": "2017",
        "month": "Apr",
        "total_consumption": "1013",
        "unit": "kWh"
    }
]
Request method:	GET
Request URI:	https://data.calgary.ca/resource/crbp-innf.json?site_id=0020003498361&month=May&year=2017&total_consumption=800
Proxy:			<none>
Request params:	<none>
Query params:	<none>
Form params:	<none>
Path params:	<none>
Headers:		Accept=*/*
				Content-Type=application/json
Cookies:		<none>
Multiparts:		<none>
Body:			<none>
[
    {
        "business_unit_desc": "Calgary Fire Department",
        "facilityname": "ATCO VILLAGE (HOUSE)",
        "site_id": "0020003498361",
        "facilityaddress": "6015 23 AV SE",
        "energy_description": "Electricity",
        "year": "2017",
        "month": "May",
        "total_consumption": "800",
        "unit": "kWh"
    }
]
Request method:	GET
Request URI:	https://data.calgary.ca/resource/crbp-innf.json?site_id=0020003498361&month=Jun&year=2017&total_consumption=662
Proxy:			<none>
Request params:	<none>
Query params:	<none>
Form params:	<none>
Path params:	<none>
Headers:		Accept=*/*
				Content-Type=application/json
Cookies:		<none>
Multiparts:		<none>
Body:			<none>
[
    {
        "business_unit_desc": "Calgary Fire Department",
        "facilityname": "ATCO VILLAGE (HOUSE)",
        "site_id": "0020003498361",
        "facilityaddress": "6015 23 AV SE",
        "energy_description": "Electricity",
        "year": "2017",
        "month": "Jun",
        "total_consumption": "662",
        "unit": "kWh"
    }
]
Request method:	GET
Request URI:	https://data.calgary.ca/resource/crbp-innf.json?site_id=0020003498361&month=Jul&year=2017&total_consumption=848
Proxy:			<none>
Request params:	<none>
Query params:	<none>
Form params:	<none>
Path params:	<none>
Headers:		Accept=*/*
				Content-Type=application/json
Cookies:		<none>
Multiparts:		<none>
Body:			<none>
[
    {
        "business_unit_desc": "Calgary Fire Department",
        "facilityname": "ATCO VILLAGE (HOUSE)",
        "site_id": "0020003498361",
        "facilityaddress": "6015 23 AV SE",
        "energy_description": "Electricity",
        "year": "2017",
        "month": "Jul",
        "total_consumption": "848",
        "unit": "kWh"
    }
]
Request method:	GET
Request URI:	https://data.calgary.ca/resource/crbp-innf.json?site_id=0020003498361&month=Aug&year=2017&total_consumption=938
Proxy:			<none>
Request params:	<none>
Query params:	<none>
Form params:	<none>
Path params:	<none>
Headers:		Accept=*/*
				Content-Type=application/json
Cookies:		<none>
Multiparts:		<none>
Body:			<none>
[
    {
        "business_unit_desc": "Calgary Fire Department",
        "facilityname": "ATCO VILLAGE (HOUSE)",
        "site_id": "0020003498361",
        "facilityaddress": "6015 23 AV SE",
        "energy_description": "Electricity",
        "year": "2017",
        "month": "Aug",
        "total_consumption": "938",
        "unit": "kWh"
    }
]
Request method:	GET
Request URI:	https://data.calgary.ca/resource/crbp-innf.json?site_id=0020003498361&month=Sep&year=2017&total_consumption=893
Proxy:			<none>
Request params:	<none>
Query params:	<none>
Form params:	<none>
Path params:	<none>
Headers:		Accept=*/*
				Content-Type=application/json
Cookies:		<none>
Multiparts:		<none>
Body:			<none>
[
    {
        "business_unit_desc": "Calgary Fire Department",
        "facilityname": "ATCO VILLAGE (HOUSE)",
        "site_id": "0020003498361",
        "facilityaddress": "6015 23 AV SE",
        "energy_description": "Electricity",
        "year": "2017",
        "month": "Sep",
        "total_consumption": "893",
        "unit": "kWh"
    }
]
Request method:	GET
Request URI:	https://data.calgary.ca/resource/crbp-innf.json?site_id=0020003498361&month=Oct&year=2017&total_consumption=911
Proxy:			<none>
Request params:	<none>
Query params:	<none>
Form params:	<none>
Path params:	<none>
Headers:		Accept=*/*
				Content-Type=application/json
Cookies:		<none>
Multiparts:		<none>
Body:			<none>
[
    {
        "business_unit_desc": "Calgary Fire Department",
        "facilityname": "ATCO VILLAGE (HOUSE)",
        "site_id": "0020003498361",
        "facilityaddress": "6015 23 AV SE",
        "energy_description": "Electricity",
        "year": "2017",
        "month": "Oct",
        "total_consumption": "911",
        "unit": "kWh"
    }
]
Request method:	GET
Request URI:	https://data.calgary.ca/resource/crbp-innf.json?site_id=0020003498361&month=Nov&year=2017&total_consumption=981
Proxy:			<none>
Request params:	<none>
Query params:	<none>
Form params:	<none>
Path params:	<none>
Headers:		Accept=*/*
				Content-Type=application/json
Cookies:		<none>
Multiparts:		<none>
Body:			<none>
[
    {
        "business_unit_desc": "Calgary Fire Department",
        "facilityname": "ATCO VILLAGE (HOUSE)",
        "site_id": "0020003498361",
        "facilityaddress": "6015 23 AV SE",
        "energy_description": "Electricity",
        "year": "2017",
        "month": "Nov",
        "total_consumption": "981",
        "unit": "kWh"
    }
]
Request method:	GET
Request URI:	https://data.calgary.ca/resource/crbp-innf.json?site_id=0020003498361&month=Dec&year=2017&total_consumption=971
Proxy:			<none>
Request params:	<none>
Query params:	<none>
Form params:	<none>
Path params:	<none>
Headers:		Accept=*/*
				Content-Type=application/json
Cookies:		<none>
Multiparts:		<none>
Body:			<none>
[
    {
        "business_unit_desc": "Calgary Fire Department",
        "facilityname": "ATCO VILLAGE (HOUSE)",
        "site_id": "0020003498361",
        "facilityaddress": "6015 23 AV SE",
        "energy_description": "Electricity",
        "year": "2017",
        "month": "Dec",
        "total_consumption": "971",
        "unit": "kWh"
    }
]
Request method:	GET
Request URI:	https://data.calgary.ca/resource/crbp-innf.json?site_id=0020003498361&month=Jan&year=2018&total_consumption=1085
Proxy:			<none>
Request params:	<none>
Query params:	<none>
Form params:	<none>
Path params:	<none>
Headers:		Accept=*/*
				Content-Type=application/json
Cookies:		<none>
Multiparts:		<none>
Body:			<none>
[
    {
        "business_unit_desc": "Calgary Fire Department",
        "facilityname": "ATCO VILLAGE (HOUSE)",
        "site_id": "0020003498361",
        "facilityaddress": "6015 23 AV SE",
        "energy_description": "Electricity",
        "year": "2018",
        "month": "Jan",
        "total_consumption": "1085",
        "unit": "kWh"
    }
]
Request method:	GET
Request URI:	https://data.calgary.ca/resource/crbp-innf.json?site_id=0020003498361&month=Feb&year=2018&total_consumption=1017
Proxy:			<none>
Request params:	<none>
Query params:	<none>
Form params:	<none>
Path params:	<none>
Headers:		Accept=*/*
				Content-Type=application/json
Cookies:		<none>
Multiparts:		<none>
Body:			<none>
[
    {
        "business_unit_desc": "Calgary Fire Department",
        "facilityname": "ATCO VILLAGE (HOUSE)",
        "site_id": "0020003498361",
        "facilityaddress": "6015 23 AV SE",
        "energy_description": "Electricity",
        "year": "2018",
        "month": "Feb",
        "total_consumption": "1017",
        "unit": "kWh"
    }
]
Request method:	GET
Request URI:	https://data.calgary.ca/resource/crbp-innf.json?site_id=0020003498361&month=Mar&year=2018&total_consumption=1030
Proxy:			<none>
Request params:	<none>
Query params:	<none>
Form params:	<none>
Path params:	<none>
Headers:		Accept=*/*
				Content-Type=application/json
Cookies:		<none>
Multiparts:		<none>
Body:			<none>
[
    {
        "business_unit_desc": "Calgary Fire Department",
        "facilityname": "ATCO VILLAGE (HOUSE)",
        "site_id": "0020003498361",
        "facilityaddress": "6015 23 AV SE",
        "energy_description": "Electricity",
        "year": "2018",
        "month": "Mar",
        "total_consumption": "1030",
        "unit": "kWh"
    }
]
Request method:	GET
Request URI:	https://data.calgary.ca/resource/crbp-innf.json?site_id=0020003498361&month=Apr&year=2018&total_consumption=975
Proxy:			<none>
Request params:	<none>
Query params:	<none>
Form params:	<none>
Path params:	<none>
Headers:		Accept=*/*
				Content-Type=application/json
Cookies:		<none>
Multiparts:		<none>
Body:			<none>
[
    {
        "business_unit_desc": "Calgary Fire Department",
        "facilityname": "ATCO VILLAGE (HOUSE)",
        "site_id": "0020003498361",
        "facilityaddress": "6015 23 AV SE",
        "energy_description": "Electricity",
        "year": "2018",
        "month": "Apr",
        "total_consumption": "975",
        "unit": "kWh"
    }
]
Request method:	GET
Request URI:	https://data.calgary.ca/resource/crbp-innf.json?site_id=0020003498361&month=May&year=2018&total_consumption=1055
Proxy:			<none>
Request params:	<none>
Query params:	<none>
Form params:	<none>
Path params:	<none>
Headers:		Accept=*/*
				Content-Type=application/json
Cookies:		<none>
Multiparts:		<none>
Body:			<none>
[
    {
        "business_unit_desc": "Calgary Fire Department",
        "facilityname": "ATCO VILLAGE (HOUSE)",
        "site_id": "0020003498361",
        "facilityaddress": "6015 23 AV SE",
        "energy_description": "Electricity",
        "year": "2018",
        "month": "May",
        "total_consumption": "1055",
        "unit": "kWh"
    }
]
Request method:	GET
Request URI:	https://data.calgary.ca/resource/crbp-innf.json?site_id=0020003498361&month=Jun&year=2018&total_consumption=1002
Proxy:			<none>
Request params:	<none>
Query params:	<none>
Form params:	<none>
Path params:	<none>
Headers:		Accept=*/*
				Content-Type=application/json
Cookies:		<none>
Multiparts:		<none>
Body:			<none>
[
    {
        "business_unit_desc": "Calgary Fire Department",
        "facilityname": "ATCO VILLAGE (HOUSE)",
        "site_id": "0020003498361",
        "facilityaddress": "6015 23 AV SE",
        "energy_description": "Electricity",
        "year": "2018",
        "month": "Jun",
        "total_consumption": "1002",
        "unit": "kWh"
    }
]
Request method:	GET
Request URI:	https://data.calgary.ca/resource/crbp-innf.json?site_id=0020003498361&month=Jul&year=2018&total_consumption=1067
Proxy:			<none>
Request params:	<none>
Query params:	<none>
Form params:	<none>
Path params:	<none>
Headers:		Accept=*/*
				Content-Type=application/json
Cookies:		<none>
Multiparts:		<none>
Body:			<none>
[
    {
        "business_unit_desc": "Calgary Fire Department",
        "facilityname": "ATCO VILLAGE (HOUSE)",
        "site_id": "0020003498361",
        "facilityaddress": "6015 23 AV SE",
        "energy_description": "Electricity",
        "year": "2018",
        "month": "Jul",
        "total_consumption": "1067",
        "unit": "kWh"
    }
]
Request method:	GET
Request URI:	https://data.calgary.ca/resource/crbp-innf.json?site_id=0020003498361&month=Aug&year=2018&total_consumption=967
Proxy:			<none>
Request params:	<none>
Query params:	<none>
Form params:	<none>
Path params:	<none>
Headers:		Accept=*/*
				Content-Type=application/json
Cookies:		<none>
Multiparts:		<none>
Body:			<none>
[
    {
        "business_unit_desc": "Calgary Fire Department",
        "facilityname": "ATCO VILLAGE (HOUSE)",
        "site_id": "0020003498361",
        "facilityaddress": "6015 23 AV SE",
        "energy_description": "Electricity",
        "year": "2018",
        "month": "Aug",
        "total_consumption": "967",
        "unit": "kWh"
    }
]
Request method:	GET
Request URI:	https://data.calgary.ca/resource/crbp-innf.json?site_id=0020003498361&month=Sep&year=2018&total_consumption=702
Proxy:			<none>
Request params:	<none>
Query params:	<none>
Form params:	<none>
Path params:	<none>
Headers:		Accept=*/*
				Content-Type=application/json
Cookies:		<none>
Multiparts:		<none>
Body:			<none>
[
    {
        "business_unit_desc": "Calgary Fire Department",
        "facilityname": "ATCO VILLAGE (HOUSE)",
        "site_id": "0020003498361",
        "facilityaddress": "6015 23 AV SE",
        "energy_description": "Electricity",
        "year": "2018",
        "month": "Sep",
        "total_consumption": "702",
        "unit": "kWh"
    }
]
Request method:	GET
Request URI:	https://data.calgary.ca/resource/crbp-innf.json?site_id=0020003498361&month=Oct&year=2018&total_consumption=739
Proxy:			<none>
Request params:	<none>
Query params:	<none>
Form params:	<none>
Path params:	<none>
Headers:		Accept=*/*
				Content-Type=application/json
Cookies:		<none>
Multiparts:		<none>
Body:			<none>
[
    {
        "business_unit_desc": "Calgary Fire Department",
        "facilityname": "ATCO VILLAGE (HOUSE)",
        "site_id": "0020003498361",
        "facilityaddress": "6015 23 AV SE",
        "energy_description": "Electricity",
        "year": "2018",
        "month": "Oct",
        "total_consumption": "739",
        "unit": "kWh"
    }
]
Request method:	GET
Request URI:	https://data.calgary.ca/resource/crbp-innf.json?site_id=0020003498361&month=Nov&year=2018&total_consumption=702
Proxy:			<none>
Request params:	<none>
Query params:	<none>
Form params:	<none>
Path params:	<none>
Headers:		Accept=*/*
				Content-Type=application/json
Cookies:		<none>
Multiparts:		<none>
Body:			<none>
[
    {
        "business_unit_desc": "Calgary Fire Department",
        "facilityname": "ATCO VILLAGE (HOUSE)",
        "site_id": "0020003498361",
        "facilityaddress": "6015 23 AV SE",
        "energy_description": "Electricity",
        "year": "2018",
        "month": "Nov",
        "total_consumption": "702",
        "unit": "kWh"
    }
]
Request method:	GET
Request URI:	https://data.calgary.ca/resource/crbp-innf.json?site_id=0020003498361&month=Dec&year=2018&total_consumption=671
Proxy:			<none>
Request params:	<none>
Query params:	<none>
Form params:	<none>
Path params:	<none>
Headers:		Accept=*/*
				Content-Type=application/json
Cookies:		<none>
Multiparts:		<none>
Body:			<none>
[
    {
        "business_unit_desc": "Calgary Fire Department",
        "facilityname": "ATCO VILLAGE (HOUSE)",
        "site_id": "0020003498361",
        "facilityaddress": "6015 23 AV SE",
        "energy_description": "Electricity",
        "year": "2018",
        "month": "Dec",
        "total_consumption": "671",
        "unit": "kWh"
    }
]
Request method:	GET
Request URI:	https://data.calgary.ca/resource/crbp-innf.json?site_id=0020003498361&month=Jan&year=2019&total_consumption=654
Proxy:			<none>
Request params:	<none>
Query params:	<none>
Form params:	<none>
Path params:	<none>
Headers:		Accept=*/*
				Content-Type=application/json
Cookies:		<none>
Multiparts:		<none>
Body:			<none>
[
    {
        "business_unit_desc": "Calgary Fire Department",
        "facilityname": "ATCO VILLAGE (HOUSE)",
        "site_id": "0020003498361",
        "facilityaddress": "6015 23 AV SE",
        "energy_description": "Electricity",
        "year": "2019",
        "month": "Jan",
        "total_consumption": "654",
        "unit": "kWh"
    }
]
Request method:	GET
Request URI:	https://data.calgary.ca/resource/crbp-innf.json?site_id=0020003498361&month=Feb&year=2019&total_consumption=543
Proxy:			<none>
Request params:	<none>
Query params:	<none>
Form params:	<none>
Path params:	<none>
Headers:		Accept=*/*
				Content-Type=application/json
Cookies:		<none>
Multiparts:		<none>
Body:			<none>
[
    {
        "business_unit_desc": "Calgary Fire Department",
        "facilityname": "ATCO VILLAGE (HOUSE)",
        "site_id": "0020003498361",
        "facilityaddress": "6015 23 AV SE",
        "energy_description": "Electricity",
        "year": "2019",
        "month": "Feb",
        "total_consumption": "543",
        "unit": "kWh"
    }
]
Request method:	GET
Request URI:	https://data.calgary.ca/resource/crbp-innf.json?site_id=0020003498361&month=Mar&year=2019&total_consumption=460
Proxy:			<none>
Request params:	<none>
Query params:	<none>
Form params:	<none>
Path params:	<none>
Headers:		Accept=*/*
				Content-Type=application/json
Cookies:		<none>
Multiparts:		<none>
Body:			<none>
[
    {
        "business_unit_desc": "Calgary Fire Department",
        "facilityname": "ATCO VILLAGE (HOUSE)",
        "site_id": "0020003498361",
        "facilityaddress": "6015 23 AV SE",
        "energy_description": "Electricity",
        "year": "2019",
        "month": "Mar",
        "total_consumption": "460",
        "unit": "kWh"
    }
]
Request method:	GET
Request URI:	https://data.calgary.ca/resource/crbp-innf.json?site_id=0020003498361&month=Apr&year=2019&total_consumption=381
Proxy:			<none>
Request params:	<none>
Query params:	<none>
Form params:	<none>
Path params:	<none>
Headers:		Accept=*/*
				Content-Type=application/json
Cookies:		<none>
Multiparts:		<none>
Body:			<none>
[
    {
        "business_unit_desc": "Calgary Fire Department",
        "facilityname": "ATCO VILLAGE (HOUSE)",
        "site_id": "0020003498361",
        "facilityaddress": "6015 23 AV SE",
        "energy_description": "Electricity",
        "year": "2019",
        "month": "Apr",
        "total_consumption": "381",
        "unit": "kWh"
    }
]
Request method:	GET
Request URI:	https://data.calgary.ca/resource/crbp-innf.json?site_id=0020003498361&month=May&year=2019&total_consumption=355
Proxy:			<none>
Request params:	<none>
Query params:	<none>
Form params:	<none>
Path params:	<none>
Headers:		Accept=*/*
				Content-Type=application/json
Cookies:		<none>
Multiparts:		<none>
Body:			<none>
[
    {
        "business_unit_desc": "Calgary Fire Department",
        "facilityname": "ATCO VILLAGE (HOUSE)",
        "site_id": "0020003498361",
        "facilityaddress": "6015 23 AV SE",
        "energy_description": "Electricity",
        "year": "2019",
        "month": "May",
        "total_consumption": "355",
        "unit": "kWh"
    }
]
Request method:	GET
Request URI:	https://data.calgary.ca/resource/crbp-innf.json?site_id=0020003498361&month=Jun&year=2019&total_consumption=306
Proxy:			<none>
Request params:	<none>
Query params:	<none>
Form params:	<none>
Path params:	<none>
Headers:		Accept=*/*
				Content-Type=application/json
Cookies:		<none>
Multiparts:		<none>
Body:			<none>
[
    {
        "business_unit_desc": "Calgary Fire Department",
        "facilityname": "ATCO VILLAGE (HOUSE)",
        "site_id": "0020003498361",
        "facilityaddress": "6015 23 AV SE",
        "energy_description": "Electricity",
        "year": "2019",
        "month": "Jun",
        "total_consumption": "306",
        "unit": "kWh"
    }
]
Request method:	GET
Request URI:	https://data.calgary.ca/resource/crbp-innf.json?site_id=0020003498361&month=Jul&year=2019&total_consumption=321
Proxy:			<none>
Request params:	<none>
Query params:	<none>
Form params:	<none>
Path params:	<none>
Headers:		Accept=*/*
				Content-Type=application/json
Cookies:		<none>
Multiparts:		<none>
Body:			<none>
[
    {
        "business_unit_desc": "Calgary Fire Department",
        "facilityname": "ATCO VILLAGE (HOUSE)",
        "site_id": "0020003498361",
        "facilityaddress": "6015 23 AV SE",
        "energy_description": "Electricity",
        "year": "2019",
        "month": "Jul",
        "total_consumption": "321",
        "unit": "kWh"
    }
]
Request method:	GET
Request URI:	https://data.calgary.ca/resource/crbp-innf.json?site_id=0020003498361&month=Aug&year=2019&total_consumption=398
Proxy:			<none>
Request params:	<none>
Query params:	<none>
Form params:	<none>
Path params:	<none>
Headers:		Accept=*/*
				Content-Type=application/json
Cookies:		<none>
Multiparts:		<none>
Body:			<none>
[
    {
        "business_unit_desc": "Calgary Fire Department",
        "facilityname": "ATCO VILLAGE (HOUSE)",
        "site_id": "0020003498361",
        "facilityaddress": "6015 23 AV SE",
        "energy_description": "Electricity",
        "year": "2019",
        "month": "Aug",
        "total_consumption": "398",
        "unit": "kWh"
    }
]
Request method:	GET
Request URI:	https://data.calgary.ca/resource/crbp-innf.json?site_id=0020003498361&month=Sep&year=2019&total_consumption=461
Proxy:			<none>
Request params:	<none>
Query params:	<none>
Form params:	<none>
Path params:	<none>
Headers:		Accept=*/*
				Content-Type=application/json
Cookies:		<none>
Multiparts:		<none>
Body:			<none>
[
    {
        "business_unit_desc": "Calgary Fire Department",
        "facilityname": "ATCO VILLAGE (HOUSE)",
        "site_id": "0020003498361",
        "facilityaddress": "6015 23 AV SE",
        "energy_description": "Electricity",
        "year": "2019",
        "month": "Sep",
        "total_consumption": "461",
        "unit": "kWh"
    }
]
Request method:	GET
Request URI:	https://data.calgary.ca/resource/crbp-innf.json?site_id=0020003498361&month=Oct&year=2019&total_consumption=543
Proxy:			<none>
Request params:	<none>
Query params:	<none>
Form params:	<none>
Path params:	<none>
Headers:		Accept=*/*
				Content-Type=application/json
Cookies:		<none>
Multiparts:		<none>
Body:			<none>
[
    {
        "business_unit_desc": "Calgary Fire Department",
        "facilityname": "ATCO VILLAGE (HOUSE)",
        "site_id": "0020003498361",
        "facilityaddress": "6015 23 AV SE",
        "energy_description": "Electricity",
        "year": "2019",
        "month": "Oct",
        "total_consumption": "543",
        "unit": "kWh"
    }
]
Request method:	GET
Request URI:	https://data.calgary.ca/resource/crbp-innf.json?site_id=0020003498361&month=Nov&year=2019&total_consumption=591
Proxy:			<none>
Request params:	<none>
Query params:	<none>
Form params:	<none>
Path params:	<none>
Headers:		Accept=*/*
				Content-Type=application/json
Cookies:		<none>
Multiparts:		<none>
Body:			<none>
[
    {
        "business_unit_desc": "Calgary Fire Department",
        "facilityname": "ATCO VILLAGE (HOUSE)",
        "site_id": "0020003498361",
        "facilityaddress": "6015 23 AV SE",
        "energy_description": "Electricity",
        "year": "2019",
        "month": "Nov",
        "total_consumption": "591",
        "unit": "kWh"
    }
]
Request method:	GET
Request URI:	https://data.calgary.ca/resource/crbp-innf.json?site_id=0020003498361&month=Dec&year=2019&total_consumption=636
Proxy:			<none>
Request params:	<none>
Query params:	<none>
Form params:	<none>
Path params:	<none>
Headers:		Accept=*/*
				Content-Type=application/json
Cookies:		<none>
Multiparts:		<none>
Body:			<none>
[
    {
        "business_unit_desc": "Calgary Fire Department",
        "facilityname": "ATCO VILLAGE (HOUSE)",
        "site_id": "0020003498361",
        "facilityaddress": "6015 23 AV SE",
        "energy_description": "Electricity",
        "year": "2019",
        "month": "Dec",
        "total_consumption": "636",
        "unit": "kWh"
    }
]
Request method:	GET
Request URI:	https://data.calgary.ca/resource/crbp-innf.json?site_id=0020003498361&month=Jan&year=2020&total_consumption=688
Proxy:			<none>
Request params:	<none>
Query params:	<none>
Form params:	<none>
Path params:	<none>
Headers:		Accept=*/*
				Content-Type=application/json
Cookies:		<none>
Multiparts:		<none>
Body:			<none>
[
    {
        "business_unit_desc": "Calgary Fire Department",
        "facilityname": "ATCO VILLAGE (HOUSE)",
        "site_id": "0020003498361",
        "facilityaddress": "6015 23 AV SE",
        "energy_description": "Electricity",
        "year": "2020",
        "month": "Jan",
        "total_consumption": "688",
        "unit": "kWh"
    }
]
Request method:	GET
Request URI:	https://data.calgary.ca/resource/crbp-innf.json?site_id=0020003498361&month=Feb&year=2020&total_consumption=470
Proxy:			<none>
Request params:	<none>
Query params:	<none>
Form params:	<none>
Path params:	<none>
Headers:		Accept=*/*
				Content-Type=application/json
Cookies:		<none>
Multiparts:		<none>
Body:			<none>
[
    {
        "business_unit_desc": "Calgary Fire Department",
        "facilityname": "ATCO VILLAGE (HOUSE)",
        "site_id": "0020003498361",
        "facilityaddress": "6015 23 AV SE",
        "energy_description": "Electricity",
        "year": "2020",
        "month": "Feb",
        "total_consumption": "470",
        "unit": "kWh"
    }
]
Request method:	GET
Request URI:	https://data.calgary.ca/resource/crbp-innf.json?site_id=0020003498361&month=Mar&year=2020&total_consumption=420
Proxy:			<none>
Request params:	<none>
Query params:	<none>
Form params:	<none>
Path params:	<none>
Headers:		Accept=*/*
				Content-Type=application/json
Cookies:		<none>
Multiparts:		<none>
Body:			<none>
[
    {
        "business_unit_desc": "Calgary Fire Department",
        "facilityname": "ATCO VILLAGE (HOUSE)",
        "site_id": "0020003498361",
        "facilityaddress": "6015 23 AV SE",
        "energy_description": "Electricity",
        "year": "2020",
        "month": "Mar",
        "total_consumption": "420",
        "unit": "kWh"
    }
]
Request method:	GET
Request URI:	https://data.calgary.ca/resource/crbp-innf.json?site_id=0020003498361&month=Apr&year=2020&total_consumption=482
Proxy:			<none>
Request params:	<none>
Query params:	<none>
Form params:	<none>
Path params:	<none>
Headers:		Accept=*/*
				Content-Type=application/json
Cookies:		<none>
Multiparts:		<none>
Body:			<none>
[
    {
        "business_unit_desc": "Calgary Fire Department",
        "facilityname": "ATCO VILLAGE (HOUSE)",
        "site_id": "0020003498361",
        "facilityaddress": "6015 23 AV SE",
        "energy_description": "Electricity",
        "year": "2020",
        "month": "Apr",
        "total_consumption": "482",
        "unit": "kWh"
    }
]
Request method:	GET
Request URI:	https://data.calgary.ca/resource/crbp-innf.json?site_id=0020003498361&month=May&year=2020&total_consumption=305
Proxy:			<none>
Request params:	<none>
Query params:	<none>
Form params:	<none>
Path params:	<none>
Headers:		Accept=*/*
				Content-Type=application/json
Cookies:		<none>
Multiparts:		<none>
Body:			<none>
[
    {
        "business_unit_desc": "Calgary Fire Department",
        "facilityname": "ATCO VILLAGE (HOUSE)",
        "site_id": "0020003498361",
        "facilityaddress": "6015 23 AV SE",
        "energy_description": "Electricity",
        "year": "2020",
        "month": "May",
        "total_consumption": "305",
        "unit": "kWh"
    }
]
Request method:	GET
Request URI:	https://data.calgary.ca/resource/crbp-innf.json?site_id=0020003498361&month=Jun&year=2020&total_consumption=297
Proxy:			<none>
Request params:	<none>
Query params:	<none>
Form params:	<none>
Path params:	<none>
Headers:		Accept=*/*
				Content-Type=application/json
Cookies:		<none>
Multiparts:		<none>
Body:			<none>
[
    {
        "business_unit_desc": "Calgary Fire Department",
        "facilityname": "ATCO VILLAGE (HOUSE)",
        "site_id": "0020003498361",
        "facilityaddress": "6015 23 AV SE",
        "energy_description": "Electricity",
        "year": "2020",
        "month": "Jun",
        "total_consumption": "297",
        "unit": "kWh"
    }
]
Request method:	GET
Request URI:	https://data.calgary.ca/resource/crbp-innf.json?site_id=0020003498361&month=Jul&year=2020&total_consumption=400
Proxy:			<none>
Request params:	<none>
Query params:	<none>
Form params:	<none>
Path params:	<none>
Headers:		Accept=*/*
				Content-Type=application/json
Cookies:		<none>
Multiparts:		<none>
Body:			<none>
[
    {
        "business_unit_desc": "Calgary Fire Department",
        "facilityname": "ATCO VILLAGE (HOUSE)",
        "site_id": "0020003498361",
        "facilityaddress": "6015 23 AV SE",
        "energy_description": "Electricity",
        "year": "2020",
        "month": "Jul",
        "total_consumption": "400",
        "unit": "kWh"
    }
]
Request method:	GET
Request URI:	https://data.calgary.ca/resource/crbp-innf.json?site_id=0020003498361&month=Aug&year=2020&total_consumption=390
Proxy:			<none>
Request params:	<none>
Query params:	<none>
Form params:	<none>
Path params:	<none>
Headers:		Accept=*/*
				Content-Type=application/json
Cookies:		<none>
Multiparts:		<none>
Body:			<none>
[
    {
        "business_unit_desc": "Calgary Fire Department",
        "facilityname": "ATCO VILLAGE (HOUSE)",
        "site_id": "0020003498361",
        "facilityaddress": "6015 23 AV SE",
        "energy_description": "Electricity",
        "year": "2020",
        "month": "Aug",
        "total_consumption": "390",
        "unit": "kWh"
    }
]
Request method:	GET
Request URI:	https://data.calgary.ca/resource/crbp-innf.json?site_id=0020003498361&month=Sep&year=2020&total_consumption=386
Proxy:			<none>
Request params:	<none>
Query params:	<none>
Form params:	<none>
Path params:	<none>
Headers:		Accept=*/*
				Content-Type=application/json
Cookies:		<none>
Multiparts:		<none>
Body:			<none>
[
    {
        "business_unit_desc": "Calgary Fire Department",
        "facilityname": "ATCO VILLAGE (HOUSE)",
        "site_id": "0020003498361",
        "facilityaddress": "6015 23 AV SE",
        "energy_description": "Electricity",
        "year": "2020",
        "month": "Sep",
        "total_consumption": "386",
        "unit": "kWh"
    }
]
Request method:	GET
Request URI:	https://data.calgary.ca/resource/crbp-innf.json?site_id=0020003498361&month=Oct&year=2020&total_consumption=521
Proxy:			<none>
Request params:	<none>
Query params:	<none>
Form params:	<none>
Path params:	<none>
Headers:		Accept=*/*
				Content-Type=application/json
Cookies:		<none>
Multiparts:		<none>
Body:			<none>
[
    {
        "business_unit_desc": "Calgary Fire Department",
        "facilityname": "ATCO VILLAGE (HOUSE)",
        "site_id": "0020003498361",
        "facilityaddress": "6015 23 AV SE",
        "energy_description": "Electricity",
        "year": "2020",
        "month": "Oct",
        "total_consumption": "521",
        "unit": "kWh"
    }
]
Request method:	GET
Request URI:	https://data.calgary.ca/resource/crbp-innf.json?site_id=0020003498361&month=Nov&year=2020&total_consumption=589
Proxy:			<none>
Request params:	<none>
Query params:	<none>
Form params:	<none>
Path params:	<none>
Headers:		Accept=*/*
				Content-Type=application/json
Cookies:		<none>
Multiparts:		<none>
Body:			<none>
[
    {
        "business_unit_desc": "Calgary Fire Department",
        "facilityname": "ATCO VILLAGE (HOUSE)",
        "site_id": "0020003498361",
        "facilityaddress": "6015 23 AV SE",
        "energy_description": "Electricity",
        "year": "2020",
        "month": "Nov",
        "total_consumption": "589",
        "unit": "kWh"
    }
]
Request method:	GET
Request URI:	https://data.calgary.ca/resource/crbp-innf.json?site_id=0020003498361&month=Dec&year=2020&total_consumption=638
Proxy:			<none>
Request params:	<none>
Query params:	<none>
Form params:	<none>
Path params:	<none>
Headers:		Accept=*/*
				Content-Type=application/json
Cookies:		<none>
Multiparts:		<none>
Body:			<none>
[
    {
        "business_unit_desc": "Calgary Fire Department",
        "facilityname": "ATCO VILLAGE (HOUSE)",
        "site_id": "0020003498361",
        "facilityaddress": "6015 23 AV SE",
        "energy_description": "Electricity",
        "year": "2020",
        "month": "Dec",
        "total_consumption": "638",
        "unit": "kWh"
    }
]
Request method:	GET
Request URI:	https://data.calgary.ca/resource/crbp-innf.json?site_id=0020003498361&month=Jan&year=2021&total_consumption=671
Proxy:			<none>
Request params:	<none>
Query params:	<none>
Form params:	<none>
Path params:	<none>
Headers:		Accept=*/*
				Content-Type=application/json
Cookies:		<none>
Multiparts:		<none>
Body:			<none>
[
    {
        "business_unit_desc": "Calgary Fire Department",
        "facilityname": "ATCO VILLAGE (HOUSE)",
        "site_id": "0020003498361",
        "facilityaddress": "6015 23 AV SE",
        "energy_description": "Electricity",
        "year": "2021",
        "month": "Jan",
        "total_consumption": "671",
        "unit": "kWh"
    }
]
Request method:	GET
Request URI:	https://data.calgary.ca/resource/crbp-innf.json?site_id=0020003498361&month=Feb&year=2021&total_consumption=500
Proxy:			<none>
Request params:	<none>
Query params:	<none>
Form params:	<none>
Path params:	<none>
Headers:		Accept=*/*
				Content-Type=application/json
Cookies:		<none>
Multiparts:		<none>
Body:			<none>
[
    {
        "business_unit_desc": "Calgary Fire Department",
        "facilityname": "ATCO VILLAGE (HOUSE)",
        "site_id": "0020003498361",
        "facilityaddress": "6015 23 AV SE",
        "energy_description": "Electricity",
        "year": "2021",
        "month": "Feb",
        "total_consumption": "500",
        "unit": "kWh"
    }
]
Request method:	GET
Request URI:	https://data.calgary.ca/resource/crbp-innf.json?site_id=0020003498361&month=Mar&year=2021&total_consumption=498
Proxy:			<none>
Request params:	<none>
Query params:	<none>
Form params:	<none>
Path params:	<none>
Headers:		Accept=*/*
				Content-Type=application/json
Cookies:		<none>
Multiparts:		<none>
Body:			<none>
[
    {
        "business_unit_desc": "Calgary Fire Department",
        "facilityname": "ATCO VILLAGE (HOUSE)",
        "site_id": "0020003498361",
        "facilityaddress": "6015 23 AV SE",
        "energy_description": "Electricity",
        "year": "2021",
        "month": "Mar",
        "total_consumption": "498",
        "unit": "kWh"
    }
]
Request method:	GET
Request URI:	https://data.calgary.ca/resource/crbp-innf.json?site_id=0020003498361&month=Apr&year=2021&total_consumption=393
Proxy:			<none>
Request params:	<none>
Query params:	<none>
Form params:	<none>
Path params:	<none>
Headers:		Accept=*/*
				Content-Type=application/json
Cookies:		<none>
Multiparts:		<none>
Body:			<none>
[
    {
        "business_unit_desc": "Calgary Fire Department",
        "facilityname": "ATCO VILLAGE (HOUSE)",
        "site_id": "0020003498361",
        "facilityaddress": "6015 23 AV SE",
        "energy_description": "Electricity",
        "year": "2021",
        "month": "Apr",
        "total_consumption": "393",
        "unit": "kWh"
    }
]
Request method:	GET
Request URI:	https://data.calgary.ca/resource/crbp-innf.json?site_id=0020003498361&month=May&year=2021&total_consumption=358
Proxy:			<none>
Request params:	<none>
Query params:	<none>
Form params:	<none>
Path params:	<none>
Headers:		Accept=*/*
				Content-Type=application/json
Cookies:		<none>
Multiparts:		<none>
Body:			<none>
[
    {
        "business_unit_desc": "Calgary Fire Department",
        "facilityname": "ATCO VILLAGE (HOUSE)",
        "site_id": "0020003498361",
        "facilityaddress": "6015 23 AV SE",
        "energy_description": "Electricity",
        "year": "2021",
        "month": "May",
        "total_consumption": "358",
        "unit": "kWh"
    }
]
Request method:	GET
Request URI:	https://data.calgary.ca/resource/crbp-innf.json?site_id=0020003498361&month=Jun&year=2021&total_consumption=246
Proxy:			<none>
Request params:	<none>
Query params:	<none>
Form params:	<none>
Path params:	<none>
Headers:		Accept=*/*
				Content-Type=application/json
Cookies:		<none>
Multiparts:		<none>
Body:			<none>
[
    {
        "business_unit_desc": "Calgary Fire Department",
        "facilityname": "ATCO VILLAGE (HOUSE)",
        "site_id": "0020003498361",
        "facilityaddress": "6015 23 AV SE",
        "energy_description": "Electricity",
        "year": "2021",
        "month": "Jun",
        "total_consumption": "246",
        "unit": "kWh"
    }
]
Request method:	GET
Request URI:	https://data.calgary.ca/resource/crbp-innf.json?site_id=0020003498361&month=Jul&year=2021&total_consumption=395
Proxy:			<none>
Request params:	<none>
Query params:	<none>
Form params:	<none>
Path params:	<none>
Headers:		Accept=*/*
				Content-Type=application/json
Cookies:		<none>
Multiparts:		<none>
Body:			<none>
[
    {
        "business_unit_desc": "Calgary Fire Department",
        "facilityname": "ATCO VILLAGE (HOUSE)",
        "site_id": "0020003498361",
        "facilityaddress": "6015 23 AV SE",
        "energy_description": "Electricity",
        "year": "2021",
        "month": "Jul",
        "total_consumption": "395",
        "unit": "kWh"
    }
]
Request method:	GET
Request URI:	https://data.calgary.ca/resource/crbp-innf.json?site_id=0020003498361&month=Aug&year=2021&total_consumption=410
Proxy:			<none>
Request params:	<none>
Query params:	<none>
Form params:	<none>
Path params:	<none>
Headers:		Accept=*/*
				Content-Type=application/json
Cookies:		<none>
Multiparts:		<none>
Body:			<none>
[
    {
        "business_unit_desc": "Calgary Fire Department",
        "facilityname": "ATCO VILLAGE (HOUSE)",
        "site_id": "0020003498361",
        "facilityaddress": "6015 23 AV SE",
        "energy_description": "Electricity",
        "year": "2021",
        "month": "Aug",
        "total_consumption": "410",
        "unit": "kWh"
    }
]
Request method:	GET
Request URI:	https://data.calgary.ca/resource/crbp-innf.json?site_id=0020003498361&month=Sep&year=2021&total_consumption=392
Proxy:			<none>
Request params:	<none>
Query params:	<none>
Form params:	<none>
Path params:	<none>
Headers:		Accept=*/*
				Content-Type=application/json
Cookies:		<none>
Multiparts:		<none>
Body:			<none>
[
    {
        "business_unit_desc": "Calgary Fire Department",
        "facilityname": "ATCO VILLAGE (HOUSE)",
        "site_id": "0020003498361",
        "facilityaddress": "6015 23 AV SE",
        "energy_description": "Electricity",
        "year": "2021",
        "month": "Sep",
        "total_consumption": "392",
        "unit": "kWh"
    }
]
Request method:	GET
Request URI:	https://data.calgary.ca/resource/crbp-innf.json?site_id=0020003498361&month=Oct&year=2021&total_consumption=518
Proxy:			<none>
Request params:	<none>
Query params:	<none>
Form params:	<none>
Path params:	<none>
Headers:		Accept=*/*
				Content-Type=application/json
Cookies:		<none>
Multiparts:		<none>
Body:			<none>
[
    {
        "business_unit_desc": "Calgary Fire Department",
        "facilityname": "ATCO VILLAGE (HOUSE)",
        "site_id": "0020003498361",
        "facilityaddress": "6015 23 AV SE",
        "energy_description": "Electricity",
        "year": "2021",
        "month": "Oct",
        "total_consumption": "518",
        "unit": "kWh"
    }
]
Request method:	GET
Request URI:	https://data.calgary.ca/resource/crbp-innf.json?site_id=0020003498361&month=Nov&year=2021&total_consumption=615
Proxy:			<none>
Request params:	<none>
Query params:	<none>
Form params:	<none>
Path params:	<none>
Headers:		Accept=*/*
				Content-Type=application/json
Cookies:		<none>
Multiparts:		<none>
Body:			<none>
[
    {
        "business_unit_desc": "Calgary Fire Department",
        "facilityname": "ATCO VILLAGE (HOUSE)",
        "site_id": "0020003498361",
        "facilityaddress": "6015 23 AV SE",
        "energy_description": "Electricity",
        "year": "2021",
        "month": "Nov",
        "total_consumption": "615",
        "unit": "kWh"
    }
]
Request method:	GET
Request URI:	https://data.calgary.ca/resource/crbp-innf.json?site_id=0020003498361&month=Dec&year=2021&total_consumption=623
Proxy:			<none>
Request params:	<none>
Query params:	<none>
Form params:	<none>
Path params:	<none>
Headers:		Accept=*/*
				Content-Type=application/json
Cookies:		<none>
Multiparts:		<none>
Body:			<none>
[
    {
        "business_unit_desc": "Calgary Fire Department",
        "facilityname": "ATCO VILLAGE (HOUSE)",
        "site_id": "0020003498361",
        "facilityaddress": "6015 23 AV SE",
        "energy_description": "Electricity",
        "year": "2021",
        "month": "Dec",
        "total_consumption": "623",
        "unit": "kWh"
    }
]
Request method:	GET
Request URI:	https://data.calgary.ca/resource/crbp-innf.json?site_id=0020003498361&month=Jan&year=2022&total_consumption=667
Proxy:			<none>
Request params:	<none>
Query params:	<none>
Form params:	<none>
Path params:	<none>
Headers:		Accept=*/*
				Content-Type=application/json
Cookies:		<none>
Multiparts:		<none>
Body:			<none>
[
    {
        "business_unit_desc": "Calgary Fire Department",
        "facilityname": "ATCO VILLAGE (HOUSE)",
        "site_id": "0020003498361",
        "facilityaddress": "6015 23 AV SE",
        "energy_description": "Electricity",
        "year": "2022",
        "month": "Jan",
        "total_consumption": "667",
        "unit": "kWh"
    }
]
Request method:	GET
Request URI:	https://data.calgary.ca/resource/crbp-innf.json?site_id=0020003498361&month=Feb&year=2022&total_consumption=504
Proxy:			<none>
Request params:	<none>
Query params:	<none>
Form params:	<none>
Path params:	<none>
Headers:		Accept=*/*
				Content-Type=application/json
Cookies:		<none>
Multiparts:		<none>
Body:			<none>
[
    {
        "business_unit_desc": "Calgary Fire Department",
        "facilityname": "ATCO VILLAGE (HOUSE)",
        "site_id": "0020003498361",
        "facilityaddress": "6015 23 AV SE",
        "energy_description": "Electricity",
        "year": "2022",
        "month": "Feb",
        "total_consumption": "504",
        "unit": "kWh"
    }
]
Request method:	GET
Request URI:	https://data.calgary.ca/resource/crbp-innf.json?site_id=0020003498361&month=Mar&year=2022&total_consumption=448
Proxy:			<none>
Request params:	<none>
Query params:	<none>
Form params:	<none>
Path params:	<none>
Headers:		Accept=*/*
				Content-Type=application/json
Cookies:		<none>
Multiparts:		<none>
Body:			<none>
[
    {
        "business_unit_desc": "Calgary Fire Department",
        "facilityname": "ATCO VILLAGE (HOUSE)",
        "site_id": "0020003498361",
        "facilityaddress": "6015 23 AV SE",
        "energy_description": "Electricity",
        "year": "2022",
        "month": "Mar",
        "total_consumption": "448",
        "unit": "kWh"
    }
]
Request method:	GET
Request URI:	https://data.calgary.ca/resource/crbp-innf.json?site_id=0020003498361&month=Apr&year=2022&total_consumption=411
Proxy:			<none>
Request params:	<none>
Query params:	<none>
Form params:	<none>
Path params:	<none>
Headers:		Accept=*/*
				Content-Type=application/json
Cookies:		<none>
Multiparts:		<none>
Body:			<none>
[
    {
        "business_unit_desc": "Calgary Fire Department",
        "facilityname": "ATCO VILLAGE (HOUSE)",
        "site_id": "0020003498361",
        "facilityaddress": "6015 23 AV SE",
        "energy_description": "Electricity",
        "year": "2022",
        "month": "Apr",
        "total_consumption": "411",
        "unit": "kWh"
    }
]
Request method:	GET
Request URI:	https://data.calgary.ca/resource/crbp-innf.json?site_id=0020003498361&month=May&year=2022&total_consumption=347
Proxy:			<none>
Request params:	<none>
Query params:	<none>
Form params:	<none>
Path params:	<none>
Headers:		Accept=*/*
				Content-Type=application/json
Cookies:		<none>
Multiparts:		<none>
Body:			<none>
[
    {
        "business_unit_desc": "Calgary Fire Department",
        "facilityname": "ATCO VILLAGE (HOUSE)",
        "site_id": "0020003498361",
        "facilityaddress": "6015 23 AV SE",
        "energy_description": "Electricity",
        "year": "2022",
        "month": "May",
        "total_consumption": "347",
        "unit": "kWh"
    }
]
Request method:	GET
Request URI:	https://data.calgary.ca/resource/crbp-innf.json?site_id=0020003498361&month=Jun&year=2022&total_consumption=311
Proxy:			<none>
Request params:	<none>
Query params:	<none>
Form params:	<none>
Path params:	<none>
Headers:		Accept=*/*
				Content-Type=application/json
Cookies:		<none>
Multiparts:		<none>
Body:			<none>
[
    {
        "business_unit_desc": "Calgary Fire Department",
        "facilityname": "ATCO VILLAGE (HOUSE)",
        "site_id": "0020003498361",
        "facilityaddress": "6015 23 AV SE",
        "energy_description": "Electricity",
        "year": "2022",
        "month": "Jun",
        "total_consumption": "311",
        "unit": "kWh"
    }
]
Request method:	GET
Request URI:	https://data.calgary.ca/resource/crbp-innf.json?site_id=0020003498361&month=Jul&year=2022&total_consumption=338
Proxy:			<none>
Request params:	<none>
Query params:	<none>
Form params:	<none>
Path params:	<none>
Headers:		Accept=*/*
				Content-Type=application/json
Cookies:		<none>
Multiparts:		<none>
Body:			<none>
[
    {
        "business_unit_desc": "Calgary Fire Department",
        "facilityname": "ATCO VILLAGE (HOUSE)",
        "site_id": "0020003498361",
        "facilityaddress": "6015 23 AV SE",
        "energy_description": "Electricity",
        "year": "2022",
        "month": "Jul",
        "total_consumption": "338",
        "unit": "kWh"
    }
]
Request method:	GET
Request URI:	https://data.calgary.ca/resource/crbp-innf.json?site_id=0020003498361&month=Aug&year=2022&total_consumption=401
Proxy:			<none>
Request params:	<none>
Query params:	<none>
Form params:	<none>
Path params:	<none>
Headers:		Accept=*/*
				Content-Type=application/json
Cookies:		<none>
Multiparts:		<none>
Body:			<none>
[
    {
        "business_unit_desc": "Calgary Fire Department",
        "facilityname": "ATCO VILLAGE (HOUSE)",
        "site_id": "0020003498361",
        "facilityaddress": "6015 23 AV SE",
        "energy_description": "Electricity",
        "year": "2022",
        "month": "Aug",
        "total_consumption": "401",
        "unit": "kWh"
    }
]
Request method:	GET
Request URI:	https://data.calgary.ca/resource/crbp-innf.json?site_id=0020003498361&month=Sep&year=2022&total_consumption=413
Proxy:			<none>
Request params:	<none>
Query params:	<none>
Form params:	<none>
Path params:	<none>
Headers:		Accept=*/*
				Content-Type=application/json
Cookies:		<none>
Multiparts:		<none>
Body:			<none>
[
    {
        "business_unit_desc": "Calgary Fire Department",
        "facilityname": "ATCO VILLAGE (HOUSE)",
        "site_id": "0020003498361",
        "facilityaddress": "6015 23 AV SE",
        "energy_description": "Electricity",
        "year": "2022",
        "month": "Sep",
        "total_consumption": "413",
        "unit": "kWh"
    }
]
Request method:	GET
Request URI:	https://data.calgary.ca/resource/crbp-innf.json?site_id=0020003498361&month=Oct&year=2022&total_consumption=419
Proxy:			<none>
Request params:	<none>
Query params:	<none>
Form params:	<none>
Path params:	<none>
Headers:		Accept=*/*
				Content-Type=application/json
Cookies:		<none>
Multiparts:		<none>
Body:			<none>
[
    {
        "business_unit_desc": "Calgary Fire Department",
        "facilityname": "ATCO VILLAGE (HOUSE)",
        "site_id": "0020003498361",
        "facilityaddress": "6015 23 AV SE",
        "energy_description": "Electricity",
        "year": "2022",
        "month": "Oct",
        "total_consumption": "419",
        "unit": "kWh"
    }
]
Request method:	GET
Request URI:	https://data.calgary.ca/resource/crbp-innf.json?site_id=0020003498361&month=Nov&year=2022&total_consumption=713
Proxy:			<none>
Request params:	<none>
Query params:	<none>
Form params:	<none>
Path params:	<none>
Headers:		Accept=*/*
				Content-Type=application/json
Cookies:		<none>
Multiparts:		<none>
Body:			<none>
[
    {
        "business_unit_desc": "Calgary Fire Department",
        "facilityname": "ATCO VILLAGE (HOUSE)",
        "site_id": "0020003498361",
        "facilityaddress": "6015 23 AV SE",
        "energy_description": "Electricity",
        "year": "2022",
        "month": "Nov",
        "total_consumption": "713",
        "unit": "kWh"
    }
]
Request method:	GET
Request URI:	https://data.calgary.ca/resource/crbp-innf.json?site_id=0020003804625&month=Jan&year=2014&total_consumption=683
Proxy:			<none>
Request params:	<none>
Query params:	<none>
Form params:	<none>
Path params:	<none>
Headers:		Accept=*/*
				Content-Type=application/json
Cookies:		<none>
Multiparts:		<none>
Body:			<none>
[
    {
        "business_unit_desc": "Calgary Fire Department",
        "facilityname": "FIRE TRAINING SMOKE TOWER",
[...]
Headers:		Accept=*/*
				Content-Type=application/json
Cookies:		<none>
Multiparts:		<none>
Body:			<none>
[
    {
        "business_unit_desc": "Calgary Housing",
        "facilityname": "#100 6704 6 ST SW",
        "site_id": "0020007253457",
        "facilityaddress": "#100 6704 6 ST SW",
        "energy_description": "Electricity",
        "year": "2017",
        "month": "Dec",
        "total_consumption": "360",
        "unit": "kWh"
    }
]
Request method:	GET
Request URI:	https://data.calgary.ca/resource/crbp-innf.json?site_id=0020007253457&month=Jan&year=2018&total_consumption=738
Proxy:			<none>
Request params:	<none>
Query params:	<none>
Form params:	<none>
Path params:	<none>
Headers:		Accept=*/*
				Content-Type=application/json
Cookies:		<none>
Multiparts:		<none>
Body:			<none>
[
    {
        "business_unit_desc": "Calgary Housing",
        "facilityname": "#100 6704 6 ST SW",
        "site_id": "0020007253457",
        "facilityaddress": "#100 6704 6 ST SW",
        "energy_description": "Electricity",
        "year": "2018",
        "month": "Jan",
        "total_consumption": "738",
        "unit": "kWh"
    }
]
Request method:	GET
Request URI:	https://data.calgary.ca/resource/crbp-innf.json?site_id=0020007253457&month=Feb&year=2018&total_consumption=720
Proxy:			<none>
Request params:	<none>
Query params:	<none>
Form params:	<none>
Path params:	<none>
Headers:		Accept=*/*
				Content-Type=application/json
Cookies:		<none>
Multiparts:		<none>
Body:			<none>
[
    {
        "business_unit_desc": "Calgary Housing",
        "facilityname": "#100 6704 6 ST SW",
        "site_id": "0020007253457",
        "facilityaddress": "#100 6704 6 ST SW",
        "energy_description": "Electricity",
        "year": "2018",
        "month": "Feb",
        "total_consumption": "720",
        "unit": "kWh"
    }
]
Request method:	GET
Request URI:	https://data.calgary.ca/resource/crbp-innf.json?site_id=0020007253457&month=Mar&year=2018&total_consumption=356
Proxy:			<none>
Request params:	<none>
Query params:	<none>
Form params:	<none>
Path params:	<none>
Headers:		Accept=*/*
				Content-Type=application/json
Cookies:		<none>
Multiparts:		<none>
Body:			<none>
[
    {
        "business_unit_desc": "Calgary Housing",
        "facilityname": "#100 6704 6 ST SW",
        "site_id": "0020007253457",
        "facilityaddress": "#100 6704 6 ST SW",
        "energy_description": "Electricity",
        "year": "2018",
        "month": "Mar",
        "total_consumption": "356",
        "unit": "kWh"
    }
]
Request method:	GET
Request URI:	https://data.calgary.ca/resource/crbp-innf.json?site_id=0020007253474&month=Mar&year=2016&total_consumption=1
Proxy:			<none>
Request params:	<none>
Query params:	<none>
Form params:	<none>
Path params:	<none>
Headers:		Accept=*/*
				Content-Type=application/json
Cookies:		<none>
Multiparts:		<none>
Body:			<none>
[
    {
        "business_unit_desc": "Calgary Housing",
        "facilityname": "#100 6704 6 ST SW",
        "site_id": "0020007253474",
        "facilityaddress": "#100 6704 6 ST SW",
        "energy_description": "Electricity",
        "year": "2016",
        "month": "Mar",
        "total_consumption": "1",
        "unit": "kWh"
    }
]
Request method:	GET
Request URI:	https://data.calgary.ca/resource/crbp-innf.json?site_id=0020007253474&month=Apr&year=2016&total_consumption=2
Proxy:			<none>
Request params:	<none>
Query params:	<none>
Form params:	<none>
Path params:	<none>
Headers:		Accept=*/*
				Content-Type=application/json
Cookies:		<none>
Multiparts:		<none>
Body:			<none>
[
    {
        "business_unit_desc": "Calgary Housing",
        "facilityname": "#100 6704 6 ST SW",
        "site_id": "0020007253474",
        "facilityaddress": "#100 6704 6 ST SW",
        "energy_description": "Electricity",
        "year": "2016",
        "month": "Apr",
        "total_consumption": "2",
        "unit": "kWh"
    }
]
Request method:	GET
Request URI:	https://data.calgary.ca/resource/crbp-innf.json?site_id=0020007253474&month=May&year=2016&total_consumption=385
Proxy:			<none>
Request params:	<none>
Query params:	<none>
Form params:	<none>
Path params:	<none>
Headers:		Accept=*/*
				Content-Type=application/json
Cookies:		<none>
Multiparts:		<none>
Body:			<none>
[
    {
        "business_unit_desc": "Calgary Housing",
        "facilityname": "#100 6704 6 ST SW",
        "site_id": "0020007253474",
        "facilityaddress": "#100 6704 6 ST SW",
        "energy_description": "Electricity",
        "year": "2016",
        "month": "May",
        "total_consumption": "385",
        "unit": "kWh"
    }
]
Request method:	GET
Request URI:	https://data.calgary.ca/resource/crbp-innf.json?site_id=0020007253474&month=Jun&year=2016&total_consumption=317
Proxy:			<none>
Request params:	<none>
Query params:	<none>
Form params:	<none>
Path params:	<none>
Headers:		Accept=*/*
				Content-Type=application/json
Cookies:		<none>
Multiparts:		<none>
Body:			<none>
[
    {
        "business_unit_desc": "Calgary Housing",
        "facilityname": "#100 6704 6 ST SW",
        "site_id": "0020007253474",
        "facilityaddress": "#100 6704 6 ST SW",
        "energy_description": "Electricity",
        "year": "2016",
        "month": "Jun",
        "total_consumption": "317",
        "unit": "kWh"
    }
]
Request method:	GET
Request URI:	https://data.calgary.ca/resource/crbp-innf.json?site_id=0020007253474&month=Jul&year=2016&total_consumption=68
Proxy:			<none>
Request params:	<none>
Query params:	<none>
Form params:	<none>
Path params:	<none>
Headers:		Accept=*/*
				Content-Type=application/json
Cookies:		<none>
Multiparts:		<none>
Body:			<none>
[
    {
        "business_unit_desc": "Calgary Housing",
        "facilityname": "#100 6704 6 ST SW",
        "site_id": "0020007253474",
        "facilityaddress": "#100 6704 6 ST SW",
        "energy_description": "Electricity",
        "year": "2016",
        "month": "Jul",
        "total_consumption": "68",
        "unit": "kWh"
    }
]
Request method:	GET
Request URI:	https://data.calgary.ca/resource/crbp-innf.json?site_id=0020007253474&month=Aug&year=2016&total_consumption=88
Proxy:			<none>
Request params:	<none>
Query params:	<none>
Form params:	<none>
Path params:	<none>
Headers:		Accept=*/*
				Content-Type=application/json
Cookies:		<none>
Multiparts:		<none>
Body:			<none>
[
    {
        "business_unit_desc": "Calgary Housing",
        "facilityname": "#100 6704 6 ST SW",
        "site_id": "0020007253474",
        "facilityaddress": "#100 6704 6 ST SW",
        "energy_description": "Electricity",
        "year": "2016",
        "month": "Aug",
        "total_consumption": "88",
        "unit": "kWh"
    }
]
Request method:	GET
Request URI:	https://data.calgary.ca/resource/crbp-innf.json?site_id=0020007253474&month=Sep&year=2016&total_consumption=96
Proxy:			<none>
Request params:	<none>
Query params:	<none>
Form params:	<none>
Path params:	<none>
Headers:		Accept=*/*
				Content-Type=application/json
Cookies:		<none>
Multiparts:		<none>
Body:			<none>
[
    {
        "business_unit_desc": "Calgary Housing",
        "facilityname": "#100 6704 6 ST SW",
        "site_id": "0020007253474",
        "facilityaddress": "#100 6704 6 ST SW",
        "energy_description": "Electricity",
        "year": "2016",
        "month": "Sep",
        "total_consumption": "96",
        "unit": "kWh"
    }
]
Request method:	GET
Request URI:	https://data.calgary.ca/resource/crbp-innf.json?site_id=0020007253474&month=Oct&year=2016&total_consumption=113
Proxy:			<none>
Request params:	<none>
Query params:	<none>
Form params:	<none>
Path params:	<none>
Headers:		Accept=*/*
				Content-Type=application/json
Cookies:		<none>
Multiparts:		<none>
Body:			<none>
[
    {
        "business_unit_desc": "Calgary Housing",
        "facilityname": "#100 6704 6 ST SW",
        "site_id": "0020007253474",
        "facilityaddress": "#100 6704 6 ST SW",
        "energy_description": "Electricity",
        "year": "2016",
        "month": "Oct",
        "total_consumption": "113",
        "unit": "kWh"
    }
]
Request method:	GET
Request URI:	https://data.calgary.ca/resource/crbp-innf.json?site_id=0020007253474&month=Nov&year=2016&total_consumption=112
Proxy:			<none>
Request params:	<none>
Query params:	<none>
Form params:	<none>
Path params:	<none>
Headers:		Accept=*/*
				Content-Type=application/json
Cookies:		<none>
Multiparts:		<none>
Body:			<none>
[
    {
        "business_unit_desc": "Calgary Housing",
        "facilityname": "#100 6704 6 ST SW",
        "site_id": "0020007253474",
        "facilityaddress": "#100 6704 6 ST SW",
        "energy_description": "Electricity",
        "year": "2016",
        "month": "Nov",
        "total_consumption": "112",
        "unit": "kWh"
    }
]
Request method:	GET
Request URI:	https://data.calgary.ca/resource/crbp-innf.json?site_id=0020007253474&month=Dec&year=2016&total_consumption=226
Proxy:			<none>
Request params:	<none>
Query params:	<none>
Form params:	<none>
Path params:	<none>
Headers:		Accept=*/*
				Content-Type=application/json
Cookies:		<none>
Multiparts:		<none>
Body:			<none>
[
    {
        "business_unit_desc": "Calgary Housing",
        "facilityname": "#100 6704 6 ST SW",
        "site_id": "0020007253474",
        "facilityaddress": "#100 6704 6 ST SW",
        "energy_description": "Electricity",
        "year": "2016",
        "month": "Dec",
        "total_consumption": "226",
        "unit": "kWh"
    }
]
Request method:	GET
Request URI:	https://data.calgary.ca/resource/crbp-innf.json?site_id=0020007253474&month=Jan&year=2017&total_consumption=232
Proxy:			<none>
Request params:	<none>
Query params:	<none>
Form params:	<none>
Path params:	<none>
Headers:		Accept=*/*
				Content-Type=application/json
Cookies:		<none>
Multiparts:		<none>
Body:			<none>
[
    {
        "business_unit_desc": "Calgary Housing",
        "facilityname": "#100 6704 6 ST SW",
        "site_id": "0020007253474",
        "facilityaddress": "#100 6704 6 ST SW",
        "energy_description": "Electricity",
        "year": "2017",
        "month": "Jan",
        "total_consumption": "232",
        "unit": "kWh"
    }
]
Request method:	GET
Request URI:	https://data.calgary.ca/resource/crbp-innf.json?site_id=0020007253474&month=Feb&year=2017&total_consumption=171
Proxy:			<none>
Request params:	<none>
Query params:	<none>
Form params:	<none>
Path params:	<none>
Headers:		Accept=*/*
				Content-Type=application/json
Cookies:		<none>
Multiparts:		<none>
Body:			<none>
[
    {
        "business_unit_desc": "Calgary Housing",
        "facilityname": "#100 6704 6 ST SW",
        "site_id": "0020007253474",
        "facilityaddress": "#100 6704 6 ST SW",
        "energy_description": "Electricity",
        "year": "2017",
        "month": "Feb",
        "total_consumption": "171",
        "unit": "kWh"
    }
]
Request method:	GET
Request URI:	https://data.calgary.ca/resource/crbp-innf.json?site_id=0020007253474&month=Mar&year=2017&total_consumption=147
Proxy:			<none>
Request params:	<none>
Query params:	<none>
Form params:	<none>
Path params:	<none>
Headers:		Accept=*/*
				Content-Type=application/json
Cookies:		<none>
Multiparts:		<none>
Body:			<none>
[
    {
        "business_unit_desc": "Calgary Housing",
        "facilityname": "#100 6704 6 ST SW",
        "site_id": "0020007253474",
        "facilityaddress": "#100 6704 6 ST SW",
        "energy_description": "Electricity",
        "year": "2017",
        "month": "Mar",
        "total_consumption": "147",
        "unit": "kWh"
    }
]
Request method:	GET
Request URI:	https://data.calgary.ca/resource/crbp-innf.json?site_id=0020007253474&month=Apr&year=2017&total_consumption=106
Proxy:			<none>
Request params:	<none>
Query params:	<none>
Form params:	<none>
Path params:	<none>
Headers:		Accept=*/*
				Content-Type=application/json
Cookies:		<none>
Multiparts:		<none>
Body:			<none>
[
    {
        "business_unit_desc": "Calgary Housing",
        "facilityname": "#100 6704 6 ST SW",
        "site_id": "0020007253474",
        "facilityaddress": "#100 6704 6 ST SW",
        "energy_description": "Electricity",
        "year": "2017",
        "month": "Apr",
        "total_consumption": "106",
        "unit": "kWh"
    }
]
Request method:	GET
Request URI:	https://data.calgary.ca/resource/crbp-innf.json?site_id=0020007253474&month=May&year=2017&total_consumption=100
Proxy:			<none>
Request params:	<none>
Query params:	<none>
Form params:	<none>
Path params:	<none>
Headers:		Accept=*/*
				Content-Type=application/json
Cookies:		<none>
Multiparts:		<none>
Body:			<none>
[
    {
        "business_unit_desc": "Calgary Housing",
        "facilityname": "#100 6704 6 ST SW",
        "site_id": "0020007253474",
        "facilityaddress": "#100 6704 6 ST SW",
        "energy_description": "Electricity",
        "year": "2017",
        "month": "May",
        "total_consumption": "100",
        "unit": "kWh"
    }
]
Request method:	GET
Request URI:	https://data.calgary.ca/resource/crbp-innf.json?site_id=0020007253474&month=Jun&year=2017&total_consumption=88
Proxy:			<none>
Request params:	<none>
Query params:	<none>
Form params:	<none>
Path params:	<none>
Headers:		Accept=*/*
				Content-Type=application/json
Cookies:		<none>
Multiparts:		<none>
Body:			<none>
[
    {
        "business_unit_desc": "Calgary Housing",
        "facilityname": "#100 6704 6 ST SW",
        "site_id": "0020007253474",
        "facilityaddress": "#100 6704 6 ST SW",
        "energy_description": "Electricity",
        "year": "2017",
        "month": "Jun",
        "total_consumption": "88",
        "unit": "kWh"
    }
]
Request method:	GET
Request URI:	https://data.calgary.ca/resource/crbp-innf.json?site_id=0020007253474&month=Jul&year=2017&total_consumption=104
Proxy:			<none>
Request params:	<none>
Query params:	<none>
Form params:	<none>
Path params:	<none>
Headers:		Accept=*/*
				Content-Type=application/json
Cookies:		<none>
Multiparts:		<none>
Body:			<none>
[
    {
        "business_unit_desc": "Calgary Housing",
        "facilityname": "#100 6704 6 ST SW",
        "site_id": "0020007253474",
        "facilityaddress": "#100 6704 6 ST SW",
        "energy_description": "Electricity",
        "year": "2017",
        "month": "Jul",
        "total_consumption": "104",
        "unit": "kWh"
    }
]
Request method:	GET
Request URI:	https://data.calgary.ca/resource/crbp-innf.json?site_id=0020007253474&month=Aug&year=2017&total_consumption=110
Proxy:			<none>
Request params:	<none>
Query params:	<none>
Form params:	<none>
Path params:	<none>
Headers:		Accept=*/*
				Content-Type=application/json
Cookies:		<none>
Multiparts:		<none>
Body:			<none>
[
    {
        "business_unit_desc": "Calgary Housing",
        "facilityname": "#100 6704 6 ST SW",
        "site_id": "0020007253474",
        "facilityaddress": "#100 6704 6 ST SW",
        "energy_description": "Electricity",
        "year": "2017",
        "month": "Aug",
        "total_consumption": "110",
        "unit": "kWh"
    }
]
Request method:	GET
Request URI:	https://data.calgary.ca/resource/crbp-innf.json?site_id=0020007253474&month=Sep&year=2017&total_consumption=115
Proxy:			<none>
Request params:	<none>
Query params:	<none>
Form params:	<none>
Path params:	<none>
Headers:		Accept=*/*
				Content-Type=application/json
Cookies:		<none>
Multiparts:		<none>
Body:			<none>
[
    {
        "business_unit_desc": "Calgary Housing",
        "facilityname": "#100 6704 6 ST SW",
        "site_id": "0020007253474",
        "facilityaddress": "#100 6704 6 ST SW",
        "energy_description": "Electricity",
        "year": "2017",
        "month": "Sep",
        "total_consumption": "115",
        "unit": "kWh"
    }
]
Request method:	GET
Request URI:	https://data.calgary.ca/resource/crbp-innf.json?site_id=0020007253474&month=Oct&year=2017&total_consumption=134
Proxy:			<none>
Request params:	<none>
Query params:	<none>
Form params:	<none>
Path params:	<none>
Headers:		Accept=*/*
				Content-Type=application/json
Cookies:		<none>
Multiparts:		<none>
Body:			<none>
[
    {
        "business_unit_desc": "Calgary Housing",
        "facilityname": "#100 6704 6 ST SW",
        "site_id": "0020007253474",
        "facilityaddress": "#100 6704 6 ST SW",
        "energy_description": "Electricity",
        "year": "2017",
        "month": "Oct",
        "total_consumption": "134",
        "unit": "kWh"
    }
]
Request method:	GET
Request URI:	https://data.calgary.ca/resource/crbp-innf.json?site_id=0020007253474&month=Nov&year=2017&total_consumption=136
Proxy:			<none>
Request params:	<none>
Query params:	<none>
Form params:	<none>
Path params:	<none>
Headers:		Accept=*/*
				Content-Type=application/json
Cookies:		<none>
Multiparts:		<none>
Body:			<none>
[
    {
        "business_unit_desc": "Calgary Housing",
        "facilityname": "#100 6704 6 ST SW",
        "site_id": "0020007253474",
        "facilityaddress": "#100 6704 6 ST SW",
        "energy_description": "Electricity",
        "year": "2017",
        "month": "Nov",
        "total_consumption": "136",
        "unit": "kWh"
    }
]
Request method:	GET
Request URI:	https://data.calgary.ca/resource/crbp-innf.json?site_id=0020007253474&month=Dec&year=2017&total_consumption=332
Proxy:			<none>
Request params:	<none>
Query params:	<none>
Form params:	<none>
Path params:	<none>
Headers:		Accept=*/*
				Content-Type=application/json
Cookies:		<none>
Multiparts:		<none>
Body:			<none>
[
    {
        "business_unit_desc": "Calgary Housing",
        "facilityname": "#100 6704 6 ST SW",
        "site_id": "0020007253474",
        "facilityaddress": "#100 6704 6 ST SW",
        "energy_description": "Electricity",
        "year": "2017",
        "month": "Dec",
        "total_consumption": "332",
        "unit": "kWh"
    }
]
Request method:	GET
Request URI:	https://data.calgary.ca/resource/crbp-innf.json?site_id=0020007253474&month=Jan&year=2018&total_consumption=560
Proxy:			<none>
Request params:	<none>
Query params:	<none>
Form params:	<none>
Path params:	<none>
Headers:		Accept=*/*
				Content-Type=application/json
Cookies:		<none>
Multiparts:		<none>
Body:			<none>
[
    {
        "business_unit_desc": "Calgary Housing",
        "facilityname": "#100 6704 6 ST SW",
        "site_id": "0020007253474",
        "facilityaddress": "#100 6704 6 ST SW",
        "energy_description": "Electricity",
        "year": "2018",
        "month": "Jan",
        "total_consumption": "560",
        "unit": "kWh"
    }
]
Request method:	GET
Request URI:	https://data.calgary.ca/resource/crbp-innf.json?site_id=0020007253474&month=Feb&year=2018&total_consumption=499
Proxy:			<none>
Request params:	<none>
Query params:	<none>
Form params:	<none>
Path params:	<none>
Headers:		Accept=*/*
				Content-Type=application/json
Cookies:		<none>
Multiparts:		<none>
Body:			<none>
[
    {
        "business_unit_desc": "Calgary Housing",
        "facilityname": "#100 6704 6 ST SW",
        "site_id": "0020007253474",
        "facilityaddress": "#100 6704 6 ST SW",
        "energy_description": "Electricity",
        "year": "2018",
        "month": "Feb",
        "total_consumption": "499",
        "unit": "kWh"
    }
]
Request method:	GET
Request URI:	https://data.calgary.ca/resource/crbp-innf.json?site_id=0020007253474&month=Mar&year=2018&total_consumption=251
Proxy:			<none>
Request params:	<none>
Query params:	<none>
Form params:	<none>
Path params:	<none>
Headers:		Accept=*/*
				Content-Type=application/json
Cookies:		<none>
Multiparts:		<none>
Body:			<none>
[
    {
        "business_unit_desc": "Calgary Housing",
        "facilityname": "#100 6704 6 ST SW",
        "site_id": "0020007253474",
        "facilityaddress": "#100 6704 6 ST SW",
        "energy_description": "Electricity",
        "year": "2018",
        "month": "Mar",
        "total_consumption": "251",
        "unit": "kWh"
    }
]
]]></system-out>
  </testcase>
</testsuite>