<?xml version="1.0" encoding="UTF-8"?>
<testng-results ignored="0" total="3" passed="3" failed="0" skipped="0">
  <reporter-output>
  </reporter-output>
  <suite started-at="2023-02-04T21:44:45 MST" name="Command line suite" finished-at="2023-02-04T21:44:48 MST" duration-ms="2729">
    <groups>
    </groups>
    <test started-at="2023-02-04T21:44:45 MST" name="Command line test" finished-at="2023-02-04T21:44:48 MST" duration-ms="2729">
      <class name="APIAutoMation.RecordCountTest">
        <test-method signature="totalrecords()[pri:0, instance:APIAutoMation.RecordCountTest@4b2c5e02]" started-at="2023-02-04T21:44:47 MST" name="totalrecords" finished-at="2023-02-04T21:44:48 MST" duration-ms="637" status="PASS">
          <reporter-output>
          </reporter-output>
        </test-method> <!-- totalrecords -->
      </class> <!-- APIAutoMation.RecordCountTest -->
      <class name="APIAutoMation.GetAllDataTest">
        <test-method signature="getalldata()[pri:0, instance:APIAutoMation.GetAllDataTest@6ca18a14]" started-at="2023-02-04T21:44:45 MST" name="getalldata" finished-at="2023-02-04T21:44:46 MST" duration-ms="1238" status="PASS">
          <reporter-output>
          </reporter-output>
        </test-method> <!-- getalldata -->
      </class> <!-- APIAutoMation.GetAllDataTest -->
      <class name="APIAutoMation.GetConditionaldataTest">
        <test-method signature="getconditionaldata()[pri:0, instance:APIAutoMation.GetConditionaldataTest@a1f72f5]" started-at="2023-02-04T21:44:46 MST" name="getconditionaldata" finished-at="2023-02-04T21:44:47 MST" duration-ms="798" status="PASS">
          <reporter-output>
          </reporter-output>
        </test-method> <!-- getconditionaldata -->
      </class> <!-- APIAutoMation.GetConditionaldataTest -->
    </test> <!-- Command line test -->
  </suite> <!-- Command line suite -->
</testng-results>
