<?xml version="1.0" encoding="UTF-8"?>
<testng-results ignored="0" total="1" passed="1" failed="0" skipped="0">
  <reporter-output>
  </reporter-output>
  <suite started-at="2023-02-04T17:24:20 MST" name="Default suite" finished-at="2023-02-04T17:24:22 MST" duration-ms="1826">
    <groups>
    </groups>
    <test started-at="2023-02-04T17:24:20 MST" name="Default test" finished-at="2023-02-04T17:24:22 MST" duration-ms="1826">
      <class name="APIAutoMation.RecordCount">
        <test-method signature="totalrecords()[pri:0, instance:APIAutoMation.RecordCount@3688eb5b]" started-at="2023-02-04T17:24:20 MST" name="totalrecords" finished-at="2023-02-04T17:24:22 MST" duration-ms="1790" status="PASS">
          <reporter-output>
          </reporter-output>
        </test-method> <!-- totalrecords -->
      </class> <!-- APIAutoMation.RecordCount -->
    </test> <!-- Default test -->
  </suite> <!-- Default suite -->
</testng-results>
